2019-12-04 02:07:35.398  INFO 1 --- [main] c.example.usersapi.UsersApiApplication   : The following profiles are active: dev
2019-12-04 02:07:55.237  INFO 1 --- [main] .s.d.r.c.RepositoryConfigurationDelegate : Bootstrapping Spring Data repositories in DEFAULT mode.
2019-12-04 02:08:00.510  INFO 1 --- [main] .s.d.r.c.RepositoryConfigurationDelegate : Finished Spring Data repository scanning in 5049ms. Found 3 repository interfaces.
2019-12-04 02:08:21.673  INFO 1 --- [main] o.s.cloud.context.scope.GenericScope     : BeanFactory id=22177b90-f401-3bf5-a5d1-add5add6d4fc
2019-12-04 02:08:23.566  INFO 1 --- [main] trationDelegate$BeanPostProcessorChecker : Bean 'com.example.usersapi.feign.CommentClient' of type [org.springframework.cloud.openfeign.FeignClientFactoryBean] is not eligible for getting processed by all BeanPostProcessors (for example: not eligible for auto-proxying)
2019-12-04 02:08:23.600  INFO 1 --- [main] trationDelegate$BeanPostProcessorChecker : Bean 'com.example.usersapi.feign.PostClient' of type [org.springframework.cloud.openfeign.FeignClientFactoryBean] is not eligible for getting processed by all BeanPostProcessors (for example: not eligible for auto-proxying)
2019-12-04 02:08:30.746  INFO 1 --- [main] trationDelegate$BeanPostProcessorChecker : Bean 'org.springframework.transaction.annotation.ProxyTransactionManagementConfiguration' of type [org.springframework.transaction.annotation.ProxyTransactionManagementConfiguration$$EnhancerBySpringCGLIB$$a02e3884] is not eligible for getting processed by all BeanPostProcessors (for example: not eligible for auto-proxying)
2019-12-04 02:08:32.361  INFO 1 --- [main] trationDelegate$BeanPostProcessorChecker : Bean 'org.springframework.hateoas.config.HateoasConfiguration' of type [org.springframework.hateoas.config.HateoasConfiguration$$EnhancerBySpringCGLIB$$1fae85b6] is not eligible for getting processed by all BeanPostProcessors (for example: not eligible for auto-proxying)
2019-12-04 02:08:32.682  INFO 1 --- [main] trationDelegate$BeanPostProcessorChecker : Bean 'org.springframework.cloud.autoconfigure.ConfigurationPropertiesRebinderAutoConfiguration' of type [org.springframework.cloud.autoconfigure.ConfigurationPropertiesRebinderAutoConfiguration$$EnhancerBySpringCGLIB$$bc483b81] is not eligible for getting processed by all BeanPostProcessors (for example: not eligible for auto-proxying)
2019-12-04 02:08:45.262  INFO 1 --- [main] o.s.b.w.embedded.tomcat.TomcatWebServer  : Tomcat initialized with port(s): 8081 (http)
2019-12-04 02:08:46.257  INFO 1 --- [main] o.apache.catalina.core.StandardService   : Starting service [Tomcat]
2019-12-04 02:08:46.304  INFO 1 --- [main] org.apache.catalina.core.StandardEngine  : Starting Servlet engine: [Apache Tomcat/9.0.22]
2019-12-04 02:08:53.130  INFO 1 --- [main] o.a.c.c.C.[Tomcat].[localhost].[/]       : Initializing Spring embedded WebApplicationContext
2019-12-04 02:08:53.254  INFO 1 --- [main] o.s.web.context.ContextLoader            : Root WebApplicationContext: initialization completed in 76946 ms
2019-12-04 02:09:07.637  INFO 1 --- [main] o.f.c.internal.license.VersionPrinter    : Flyway Community Edition 5.2.4 by Boxfuse
2019-12-04 02:09:10.724  INFO 1 --- [main] com.zaxxer.hikari.HikariDataSource       : HikariPool-1 - Starting...
2019-12-04 02:09:21.135  INFO 1 --- [main] com.zaxxer.hikari.HikariDataSource       : HikariPool-1 - Start completed.
2019-12-04 02:09:21.990  INFO 1 --- [main] o.f.c.internal.database.DatabaseFactory  : Database: jdbc:postgresql://postgresdev:5432/pgdev (PostgreSQL 12.0)
2019-12-04 02:09:23.284  WARN 1 --- [main] o.f.c.internal.database.base.Database    : Flyway upgrade recommended: PostgreSQL 12.0 is newer than this version of Flyway and support has not been tested.
2019-12-04 02:09:27.458  INFO 1 --- [main] o.f.core.internal.command.DbValidate     : Successfully validated 1 migration (execution time 00:00.680s)
2019-12-04 02:09:28.891  INFO 1 --- [main] o.f.c.i.s.JdbcTableSchemaHistory         : Creating Schema History table: "public"."flyway_schema_history"
2019-12-04 02:09:30.743  INFO 1 --- [main] o.f.core.internal.command.DbMigrate      : Current version of schema "public": << Empty Schema >>
2019-12-04 02:09:31.031  INFO 1 --- [main] o.f.core.internal.command.DbMigrate      : Migrating schema "public" to version 1 - createUsersTable
2019-12-04 02:09:31.095  INFO 1 --- [main] o.f.c.i.s.DefaultSqlScriptExecutor       : DB: table "users" does not exist, skipping
2019-12-04 02:09:31.119  INFO 1 --- [main] o.f.c.i.s.DefaultSqlScriptExecutor       : DB: table "posts" does not exist, skipping
2019-12-04 02:09:31.124  INFO 1 --- [main] o.f.c.i.s.DefaultSqlScriptExecutor       : DB: table "comments" does not exist, skipping
2019-12-04 02:09:31.198  INFO 1 --- [main] o.f.c.i.s.DefaultSqlScriptExecutor       : DB: table "user_profiles" does not exist, skipping
2019-12-04 02:09:31.220  INFO 1 --- [main] o.f.c.i.s.DefaultSqlScriptExecutor       : DB: table "user_roles" does not exist, skipping
2019-12-04 02:09:31.300  INFO 1 --- [main] o.f.c.i.s.DefaultSqlScriptExecutor       : DB: table "posts" does not exist, skipping
2019-12-04 02:09:31.308  INFO 1 --- [main] o.f.c.i.s.DefaultSqlScriptExecutor       : DB: table "comments" does not exist, skipping
2019-12-04 02:09:31.315  INFO 1 --- [main] o.f.c.i.s.DefaultSqlScriptExecutor       : DB: type "user_obj" does not exist, skipping
2019-12-04 02:09:31.339  INFO 1 --- [main] o.f.c.i.s.DefaultSqlScriptExecutor       : DB: table "user_profiles" does not exist, skipping
2019-12-04 02:09:31.510  INFO 1 --- [main] o.f.c.i.s.DefaultSqlScriptExecutor       : DB: table "user_roles" does not exist, skipping
2019-12-04 02:09:31.743  INFO 1 --- [main] o.f.core.internal.command.DbMigrate      : Successfully applied 1 migration to schema "public" (execution time 00:03.307s)
2019-12-04 02:09:31.771  INFO 1 --- [main] o.f.c.i.c.SqlScriptCallbackFactory       : Executing SQL callback: afterMigrate
2019-12-04 02:09:34.417  INFO 1 --- [main] o.hibernate.jpa.internal.util.LogHelper  : HHH000204: Processing PersistenceUnitInfo [
	name: default
	...]
2019-12-04 02:09:36.136  INFO 1 --- [main] org.hibernate.Version                    : HHH000412: Hibernate Core {5.3.10.Final}
2019-12-04 02:09:36.233  INFO 1 --- [main] org.hibernate.cfg.Environment            : HHH000206: hibernate.properties not found
2019-12-04 02:09:43.855  INFO 1 --- [main] o.hibernate.annotations.common.Version   : HCANN000001: Hibernate Commons Annotations {5.0.4.Final}
2019-12-04 02:09:52.207  INFO 1 --- [main] org.hibernate.dialect.Dialect            : HHH000400: Using dialect: org.hibernate.dialect.PostgreSQLDialect
2019-12-04 02:09:53.752  INFO 1 --- [main] o.h.e.j.e.i.LobCreatorBuilderImpl        : HHH000422: Disabling contextual LOB creation as connection was null
2019-12-04 02:09:54.304  INFO 1 --- [main] org.hibernate.type.BasicTypeRegistry     : HHH000270: Type registration [java.util.UUID] overrides previous : org.hibernate.type.UUIDBinaryType@78bf9ded
2019-12-04 02:10:21.834  INFO 1 --- [main] j.LocalContainerEntityManagerFactoryBean : Initialized JPA EntityManagerFactory for persistence unit 'default'
2019-12-04 02:10:48.123  INFO 1 --- [main] o.h.h.i.QueryTranslatorFactoryInitiator  : HHH000397: Using ASTQueryTranslatorFactory
2019-12-04 02:11:40.882  WARN 1 --- [main] aWebConfiguration$JpaWebMvcConfiguration : spring.jpa.open-in-view is enabled by default. Therefore, database queries may be performed during view rendering. Explicitly configure spring.jpa.open-in-view to disable this warning
2019-12-04 02:11:51.689  WARN 1 --- [main] c.n.c.sources.URLConfigurationSource     : No URLs will be polled as dynamic configuration sources.
2019-12-04 02:11:51.907  INFO 1 --- [main] c.n.c.sources.URLConfigurationSource     : To enable URLs as dynamic configuration sources, define System property archaius.configurationSource.additionalUrls or make config.properties available on classpath.
2019-12-04 02:11:52.192  WARN 1 --- [main] c.n.c.sources.URLConfigurationSource     : No URLs will be polled as dynamic configuration sources.
2019-12-04 02:11:52.202  INFO 1 --- [main] c.n.c.sources.URLConfigurationSource     : To enable URLs as dynamic configuration sources, define System property archaius.configurationSource.additionalUrls or make config.properties available on classpath.
2019-12-04 02:12:09.427  INFO 1 --- [main] o.s.s.concurrent.ThreadPoolTaskExecutor  : Initializing ExecutorService 'applicationTaskExecutor'
2019-12-04 02:12:57.618  INFO 1 --- [main] o.s.c.n.eureka.InstanceInfoFactory       : Setting initial instance status as: STARTING
2019-12-04 02:13:08.206  INFO 1 --- [main] com.netflix.discovery.DiscoveryClient    : Initializing Eureka in region us-east-1
2019-12-04 02:13:14.460  INFO 1 --- [main] c.n.d.provider.DiscoveryJerseyProvider   : Using JSON encoding codec LegacyJacksonJson
2019-12-04 02:13:14.484  INFO 1 --- [main] c.n.d.provider.DiscoveryJerseyProvider   : Using JSON decoding codec LegacyJacksonJson
2019-12-04 02:13:30.045  INFO 1 --- [main] c.n.d.provider.DiscoveryJerseyProvider   : Using XML encoding codec XStreamXml
2019-12-04 02:13:30.068  INFO 1 --- [main] c.n.d.provider.DiscoveryJerseyProvider   : Using XML decoding codec XStreamXml
2019-12-04 02:13:44.405  INFO 1 --- [main] c.n.d.s.r.aws.ConfigClusterResolver      : Resolving eureka endpoints via configuration
2019-12-04 02:13:46.395  INFO 1 --- [main] com.netflix.discovery.DiscoveryClient    : Disable delta property : false
2019-12-04 02:13:46.426  INFO 1 --- [main] com.netflix.discovery.DiscoveryClient    : Single vip registry refresh property : null
2019-12-04 02:13:46.448  INFO 1 --- [main] com.netflix.discovery.DiscoveryClient    : Force full registry fetch : false
2019-12-04 02:13:46.476  INFO 1 --- [main] com.netflix.discovery.DiscoveryClient    : Application is null : false
2019-12-04 02:13:46.517  INFO 1 --- [main] com.netflix.discovery.DiscoveryClient    : Registered Applications size is zero : true
2019-12-04 02:13:46.522  INFO 1 --- [main] com.netflix.discovery.DiscoveryClient    : Application version is -1: true
2019-12-04 02:13:46.526  INFO 1 --- [main] com.netflix.discovery.DiscoveryClient    : Getting all instance registry info from the eureka server
2019-12-04 02:13:49.771  INFO 1 --- [main] com.netflix.discovery.DiscoveryClient    : The response status is 200
2019-12-04 02:13:49.810  INFO 1 --- [main] com.netflix.discovery.DiscoveryClient    : Starting heartbeat executor: renew interval is: 30
2019-12-04 02:13:49.856  INFO 1 --- [main] c.n.discovery.InstanceInfoReplicator     : InstanceInfoReplicator onDemand update allowed rate per min is 4
2019-12-04 02:13:49.949  INFO 1 --- [main] com.netflix.discovery.DiscoveryClient    : Discovery Client initialized at timestamp 1575425629944 with initial instances count: 2
2019-12-04 02:13:49.990  INFO 1 --- [main] o.s.c.n.e.s.EurekaServiceRegistry        : Registering application USER with eureka with status UP
2019-12-04 02:13:50.004  INFO 1 --- [main] com.netflix.discovery.DiscoveryClient    : Saw local status change event StatusChangeEvent [timestamp=1575425630003, current=UP, previous=STARTING]
2019-12-04 02:13:50.049  INFO 1 --- [DiscoveryClient-InstanceInfoReplicator-0] com.netflix.discovery.DiscoveryClient    : DiscoveryClient_USER/6dc8c83c13ab:user:8081: registering service...
2019-12-04 02:13:50.207  INFO 1 --- [main] d.s.w.p.DocumentationPluginsBootstrapper : Context refreshed
2019-12-04 02:13:51.522  INFO 1 --- [main] d.s.w.p.DocumentationPluginsBootstrapper : Found 1 custom documentation plugin(s)
2019-12-04 02:13:51.921  INFO 1 --- [DiscoveryClient-InstanceInfoReplicator-0] com.netflix.discovery.DiscoveryClient    : DiscoveryClient_USER/6dc8c83c13ab:user:8081 - registration status: 204
2019-12-04 02:13:53.354  INFO 1 --- [main] s.d.s.w.s.ApiListingReferenceScanner     : Scanning for api listing references
2019-12-04 02:14:00.183  INFO 1 --- [main] o.s.b.w.embedded.tomcat.TomcatWebServer  : Tomcat started on port(s): 8081 (http) with context path ''
2019-12-04 02:14:00.192  INFO 1 --- [main] .s.c.n.e.s.EurekaAutoServiceRegistration : Updating port to 8081
2019-12-04 02:14:00.225  INFO 1 --- [main] c.example.usersapi.UsersApiApplication   : Started UsersApiApplication in 418.04 seconds (JVM running for 784.143)
2019-12-04 02:18:46.231  INFO 1 --- [AsyncResolver-bootstrap-executor-0] c.n.d.s.r.aws.ConfigClusterResolver      : Resolving eureka endpoints via configuration
2019-12-04 02:23:45.919  INFO 1 --- [AsyncResolver-bootstrap-executor-0] c.n.d.s.r.aws.ConfigClusterResolver      : Resolving eureka endpoints via configuration
2019-12-04 02:28:45.603  INFO 1 --- [AsyncResolver-bootstrap-executor-0] c.n.d.s.r.aws.ConfigClusterResolver      : Resolving eureka endpoints via configuration
2019-12-04 02:33:45.281  INFO 1 --- [AsyncResolver-bootstrap-executor-0] c.n.d.s.r.aws.ConfigClusterResolver      : Resolving eureka endpoints via configuration
2019-12-04 02:37:18.349  INFO 1 --- [Thread-8] o.s.c.n.e.s.EurekaServiceRegistry        : Unregistering application USER with eureka with status DOWN
2019-12-04 02:37:18.369  WARN 1 --- [Thread-8] com.netflix.discovery.DiscoveryClient    : Saw local status change event StatusChangeEvent [timestamp=1575427038369, current=DOWN, previous=UP]
2019-12-04 02:37:18.388  INFO 1 --- [DiscoveryClient-InstanceInfoReplicator-0] com.netflix.discovery.DiscoveryClient    : DiscoveryClient_USER/6dc8c83c13ab:user:8081: registering service...
2019-12-04 02:37:18.716  INFO 1 --- [DiscoveryClient-InstanceInfoReplicator-0] com.netflix.discovery.DiscoveryClient    : DiscoveryClient_USER/6dc8c83c13ab:user:8081 - registration status: 204
2019-12-04 02:37:19.617  INFO 1 --- [Thread-8] o.s.s.concurrent.ThreadPoolTaskExecutor  : Shutting down ExecutorService 'applicationTaskExecutor'
2019-12-04 02:37:20.218  INFO 1 --- [Thread-8] j.LocalContainerEntityManagerFactoryBean : Closing JPA EntityManagerFactory for persistence unit 'default'
2019-12-04 02:37:20.531  INFO 1 --- [Thread-8] com.netflix.discovery.DiscoveryClient    : Shutting down DiscoveryClient ...
2019-12-04 02:37:23.543  INFO 1 --- [Thread-8] com.netflix.discovery.DiscoveryClient    : Unregistering ...
2019-12-04 02:37:23.555  WARN 1 --- [DiscoveryClient-0] c.netflix.discovery.TimedSupervisorTask  : task supervisor shutting down, can't accept the task
2019-12-04 02:37:23.873  INFO 1 --- [Thread-8] com.netflix.discovery.DiscoveryClient    : DiscoveryClient_USER/6dc8c83c13ab:user:8081 - deregister  status: 200
2019-12-04 02:37:24.523  INFO 1 --- [Thread-8] com.netflix.discovery.DiscoveryClient    : Completed shut down of DiscoveryClient
2019-12-04 02:37:24.532  INFO 1 --- [Thread-8] com.zaxxer.hikari.HikariDataSource       : HikariPool-1 - Shutdown initiated...
2019-12-04 02:37:25.863  INFO 1 --- [Thread-8] com.zaxxer.hikari.HikariDataSource       : HikariPool-1 - Shutdown completed.
2019-12-04 02:39:51.005  INFO 1 --- [main] c.example.usersapi.UsersApiApplication   : The following profiles are active: dev
2019-12-04 02:39:56.973  INFO 1 --- [main] .s.d.r.c.RepositoryConfigurationDelegate : Bootstrapping Spring Data repositories in DEFAULT mode.
2019-12-04 02:39:57.951  INFO 1 --- [main] .s.d.r.c.RepositoryConfigurationDelegate : Finished Spring Data repository scanning in 907ms. Found 3 repository interfaces.
2019-12-04 02:39:59.797  INFO 1 --- [main] o.s.cloud.context.scope.GenericScope     : BeanFactory id=22177b90-f401-3bf5-a5d1-add5add6d4fc
2019-12-04 02:40:00.332  INFO 1 --- [main] trationDelegate$BeanPostProcessorChecker : Bean 'com.example.usersapi.feign.CommentClient' of type [org.springframework.cloud.openfeign.FeignClientFactoryBean] is not eligible for getting processed by all BeanPostProcessors (for example: not eligible for auto-proxying)
2019-12-04 02:40:00.346  INFO 1 --- [main] trationDelegate$BeanPostProcessorChecker : Bean 'com.example.usersapi.feign.PostClient' of type [org.springframework.cloud.openfeign.FeignClientFactoryBean] is not eligible for getting processed by all BeanPostProcessors (for example: not eligible for auto-proxying)
2019-12-04 02:40:01.023  INFO 1 --- [main] trationDelegate$BeanPostProcessorChecker : Bean 'org.springframework.transaction.annotation.ProxyTransactionManagementConfiguration' of type [org.springframework.transaction.annotation.ProxyTransactionManagementConfiguration$$EnhancerBySpringCGLIB$$99240c72] is not eligible for getting processed by all BeanPostProcessors (for example: not eligible for auto-proxying)
2019-12-04 02:40:01.838  INFO 1 --- [main] trationDelegate$BeanPostProcessorChecker : Bean 'org.springframework.hateoas.config.HateoasConfiguration' of type [org.springframework.hateoas.config.HateoasConfiguration$$EnhancerBySpringCGLIB$$18a459a4] is not eligible for getting processed by all BeanPostProcessors (for example: not eligible for auto-proxying)
2019-12-04 02:40:01.870  INFO 1 --- [main] trationDelegate$BeanPostProcessorChecker : Bean 'org.springframework.cloud.autoconfigure.ConfigurationPropertiesRebinderAutoConfiguration' of type [org.springframework.cloud.autoconfigure.ConfigurationPropertiesRebinderAutoConfiguration$$EnhancerBySpringCGLIB$$b53e0f6f] is not eligible for getting processed by all BeanPostProcessors (for example: not eligible for auto-proxying)
2019-12-04 02:40:03.202  INFO 1 --- [main] o.s.b.w.embedded.tomcat.TomcatWebServer  : Tomcat initialized with port(s): 8081 (http)
2019-12-04 02:40:03.343  INFO 1 --- [main] o.apache.catalina.core.StandardService   : Starting service [Tomcat]
2019-12-04 02:40:03.346  INFO 1 --- [main] org.apache.catalina.core.StandardEngine  : Starting Servlet engine: [Apache Tomcat/9.0.22]
2019-12-04 02:40:03.861  INFO 1 --- [main] o.a.c.c.C.[Tomcat].[localhost].[/]       : Initializing Spring embedded WebApplicationContext
2019-12-04 02:40:03.863  INFO 1 --- [main] o.s.web.context.ContextLoader            : Root WebApplicationContext: initialization completed in 12771 ms
2019-12-04 02:40:04.897  INFO 1 --- [main] o.f.c.internal.license.VersionPrinter    : Flyway Community Edition 5.2.4 by Boxfuse
2019-12-04 02:40:05.489  INFO 1 --- [main] com.zaxxer.hikari.HikariDataSource       : HikariPool-1 - Starting...
2019-12-04 02:40:06.180  INFO 1 --- [main] com.zaxxer.hikari.HikariDataSource       : HikariPool-1 - Start completed.
2019-12-04 02:40:06.218  INFO 1 --- [main] o.f.c.internal.database.DatabaseFactory  : Database: jdbc:postgresql://postgresdev:5432/pgdev (PostgreSQL 12.0)
2019-12-04 02:40:06.310  WARN 1 --- [main] o.f.c.internal.database.base.Database    : Flyway upgrade recommended: PostgreSQL 12.0 is newer than this version of Flyway and support has not been tested.
2019-12-04 02:40:07.102  INFO 1 --- [main] o.f.core.internal.command.DbValidate     : Successfully validated 1 migration (execution time 00:00.173s)
2019-12-04 02:40:07.286  INFO 1 --- [main] o.f.c.i.s.JdbcTableSchemaHistory         : Creating Schema History table: "public"."flyway_schema_history"
2019-12-04 02:40:07.456  INFO 1 --- [main] o.f.core.internal.command.DbMigrate      : Current version of schema "public": << Empty Schema >>
2019-12-04 02:40:07.463  INFO 1 --- [main] o.f.core.internal.command.DbMigrate      : Migrating schema "public" to version 1 - createUsersTable
2019-12-04 02:40:07.492  INFO 1 --- [main] o.f.c.i.s.DefaultSqlScriptExecutor       : DB: table "users" does not exist, skipping
2019-12-04 02:40:07.499  INFO 1 --- [main] o.f.c.i.s.DefaultSqlScriptExecutor       : DB: table "posts" does not exist, skipping
2019-12-04 02:40:07.505  INFO 1 --- [main] o.f.c.i.s.DefaultSqlScriptExecutor       : DB: table "comments" does not exist, skipping
2019-12-04 02:40:07.509  INFO 1 --- [main] o.f.c.i.s.DefaultSqlScriptExecutor       : DB: table "user_profiles" does not exist, skipping
2019-12-04 02:40:07.519  INFO 1 --- [main] o.f.c.i.s.DefaultSqlScriptExecutor       : DB: table "user_roles" does not exist, skipping
2019-12-04 02:40:07.554  INFO 1 --- [main] o.f.c.i.s.DefaultSqlScriptExecutor       : DB: table "posts" does not exist, skipping
2019-12-04 02:40:07.584  INFO 1 --- [main] o.f.c.i.s.DefaultSqlScriptExecutor       : DB: table "comments" does not exist, skipping
2019-12-04 02:40:07.590  INFO 1 --- [main] o.f.c.i.s.DefaultSqlScriptExecutor       : DB: type "user_obj" does not exist, skipping
2019-12-04 02:40:07.640  INFO 1 --- [main] o.f.c.i.s.DefaultSqlScriptExecutor       : DB: table "user_profiles" does not exist, skipping
2019-12-04 02:40:07.656  INFO 1 --- [main] o.f.c.i.s.DefaultSqlScriptExecutor       : DB: table "user_roles" does not exist, skipping
2019-12-04 02:40:07.744  INFO 1 --- [main] o.f.core.internal.command.DbMigrate      : Successfully applied 1 migration to schema "public" (execution time 00:00.470s)
2019-12-04 02:40:07.754  INFO 1 --- [main] o.f.c.i.c.SqlScriptCallbackFactory       : Executing SQL callback: afterMigrate
2019-12-04 02:40:09.591  INFO 1 --- [main] o.hibernate.jpa.internal.util.LogHelper  : HHH000204: Processing PersistenceUnitInfo [
	name: default
	...]
2019-12-04 02:40:10.316  INFO 1 --- [main] org.hibernate.Version                    : HHH000412: Hibernate Core {5.3.10.Final}
2019-12-04 02:40:10.327  INFO 1 --- [main] org.hibernate.cfg.Environment            : HHH000206: hibernate.properties not found
2019-12-04 02:40:12.727  INFO 1 --- [main] o.hibernate.annotations.common.Version   : HCANN000001: Hibernate Commons Annotations {5.0.4.Final}
2019-12-04 02:40:14.395  INFO 1 --- [main] org.hibernate.dialect.Dialect            : HHH000400: Using dialect: org.hibernate.dialect.PostgreSQLDialect
2019-12-04 02:40:14.480  INFO 1 --- [main] o.h.e.j.e.i.LobCreatorBuilderImpl        : HHH000422: Disabling contextual LOB creation as connection was null
2019-12-04 02:40:14.504  INFO 1 --- [main] org.hibernate.type.BasicTypeRegistry     : HHH000270: Type registration [java.util.UUID] overrides previous : org.hibernate.type.UUIDBinaryType@4e544920
2019-12-04 02:40:18.691  INFO 1 --- [main] j.LocalContainerEntityManagerFactoryBean : Initialized JPA EntityManagerFactory for persistence unit 'default'
2019-12-04 02:40:20.666  INFO 1 --- [main] o.h.h.i.QueryTranslatorFactoryInitiator  : HHH000397: Using ASTQueryTranslatorFactory
2019-12-04 02:40:24.809  WARN 1 --- [main] aWebConfiguration$JpaWebMvcConfiguration : spring.jpa.open-in-view is enabled by default. Therefore, database queries may be performed during view rendering. Explicitly configure spring.jpa.open-in-view to disable this warning
2019-12-04 02:40:25.493  WARN 1 --- [main] c.n.c.sources.URLConfigurationSource     : No URLs will be polled as dynamic configuration sources.
2019-12-04 02:40:25.496  INFO 1 --- [main] c.n.c.sources.URLConfigurationSource     : To enable URLs as dynamic configuration sources, define System property archaius.configurationSource.additionalUrls or make config.properties available on classpath.
2019-12-04 02:40:25.528  WARN 1 --- [main] c.n.c.sources.URLConfigurationSource     : No URLs will be polled as dynamic configuration sources.
2019-12-04 02:40:25.531  INFO 1 --- [main] c.n.c.sources.URLConfigurationSource     : To enable URLs as dynamic configuration sources, define System property archaius.configurationSource.additionalUrls or make config.properties available on classpath.
2019-12-04 02:40:26.920  INFO 1 --- [main] o.s.s.concurrent.ThreadPoolTaskExecutor  : Initializing ExecutorService 'applicationTaskExecutor'
2019-12-04 02:40:30.115  INFO 1 --- [main] o.s.c.n.eureka.InstanceInfoFactory       : Setting initial instance status as: STARTING
2019-12-04 02:40:30.348  INFO 1 --- [main] com.netflix.discovery.DiscoveryClient    : Initializing Eureka in region us-east-1
2019-12-04 02:40:30.766  INFO 1 --- [main] c.n.d.provider.DiscoveryJerseyProvider   : Using JSON encoding codec LegacyJacksonJson
2019-12-04 02:40:30.769  INFO 1 --- [main] c.n.d.provider.DiscoveryJerseyProvider   : Using JSON decoding codec LegacyJacksonJson
2019-12-04 02:40:31.603  INFO 1 --- [main] c.n.d.provider.DiscoveryJerseyProvider   : Using XML encoding codec XStreamXml
2019-12-04 02:40:31.608  INFO 1 --- [main] c.n.d.provider.DiscoveryJerseyProvider   : Using XML decoding codec XStreamXml
2019-12-04 02:40:32.883  INFO 1 --- [main] c.n.d.s.r.aws.ConfigClusterResolver      : Resolving eureka endpoints via configuration
2019-12-04 02:40:33.006  INFO 1 --- [main] com.netflix.discovery.DiscoveryClient    : Disable delta property : false
2019-12-04 02:40:33.009  INFO 1 --- [main] com.netflix.discovery.DiscoveryClient    : Single vip registry refresh property : null
2019-12-04 02:40:33.013  INFO 1 --- [main] com.netflix.discovery.DiscoveryClient    : Force full registry fetch : false
2019-12-04 02:40:33.016  INFO 1 --- [main] com.netflix.discovery.DiscoveryClient    : Application is null : false
2019-12-04 02:40:33.018  INFO 1 --- [main] com.netflix.discovery.DiscoveryClient    : Registered Applications size is zero : true
2019-12-04 02:40:33.021  INFO 1 --- [main] com.netflix.discovery.DiscoveryClient    : Application version is -1: true
2019-12-04 02:40:33.028  INFO 1 --- [main] com.netflix.discovery.DiscoveryClient    : Getting all instance registry info from the eureka server
2019-12-04 02:40:34.209  INFO 1 --- [main] com.netflix.discovery.DiscoveryClient    : The response status is 200
2019-12-04 02:40:34.232  INFO 1 --- [main] com.netflix.discovery.DiscoveryClient    : Starting heartbeat executor: renew interval is: 30
2019-12-04 02:40:34.249  INFO 1 --- [main] c.n.discovery.InstanceInfoReplicator     : InstanceInfoReplicator onDemand update allowed rate per min is 4
2019-12-04 02:40:34.278  INFO 1 --- [main] com.netflix.discovery.DiscoveryClient    : Discovery Client initialized at timestamp 1575427234267 with initial instances count: 3
2019-12-04 02:40:34.291  INFO 1 --- [main] o.s.c.n.e.s.EurekaServiceRegistry        : Registering application USER with eureka with status UP
2019-12-04 02:40:34.303  INFO 1 --- [main] com.netflix.discovery.DiscoveryClient    : Saw local status change event StatusChangeEvent [timestamp=1575427234302, current=UP, previous=STARTING]
2019-12-04 02:40:34.319  INFO 1 --- [DiscoveryClient-InstanceInfoReplicator-0] com.netflix.discovery.DiscoveryClient    : DiscoveryClient_USER/6dc8c83c13ab:user:8081: registering service...
2019-12-04 02:40:34.334  INFO 1 --- [main] d.s.w.p.DocumentationPluginsBootstrapper : Context refreshed
2019-12-04 02:40:34.585  INFO 1 --- [main] d.s.w.p.DocumentationPluginsBootstrapper : Found 1 custom documentation plugin(s)
2019-12-04 02:40:34.687  INFO 1 --- [DiscoveryClient-InstanceInfoReplicator-0] com.netflix.discovery.DiscoveryClient    : DiscoveryClient_USER/6dc8c83c13ab:user:8081 - registration status: 204
2019-12-04 02:40:34.762  INFO 1 --- [main] s.d.s.w.s.ApiListingReferenceScanner     : Scanning for api listing references
2019-12-04 02:40:37.112  INFO 1 --- [main] o.s.b.w.embedded.tomcat.TomcatWebServer  : Tomcat started on port(s): 8081 (http) with context path ''
2019-12-04 02:40:37.118  INFO 1 --- [main] .s.c.n.e.s.EurekaAutoServiceRegistration : Updating port to 8081
2019-12-04 02:40:37.134  INFO 1 --- [main] c.example.usersapi.UsersApiApplication   : Started UsersApiApplication in 54.481 seconds (JVM running for 130.296)
2019-12-04 02:41:44.461  INFO 1 --- [http-nio-8081-exec-2] o.a.c.c.C.[Tomcat].[localhost].[/]       : Initializing Spring DispatcherServlet 'dispatcherServlet'
2019-12-04 02:41:44.471  INFO 1 --- [http-nio-8081-exec-2] o.s.web.servlet.DispatcherServlet        : Initializing Servlet 'dispatcherServlet'
2019-12-04 02:41:44.592  INFO 1 --- [http-nio-8081-exec-2] o.s.web.servlet.DispatcherServlet        : Completed initialization in 118 ms
2019-12-04 02:41:47.009  INFO 1 --- [http-nio-8081-exec-2] c.e.usersapi.service.UserServiceImpl     : pip just signed up!
2019-12-04 02:45:32.647  INFO 1 --- [AsyncResolver-bootstrap-executor-0] c.n.d.s.r.aws.ConfigClusterResolver      : Resolving eureka endpoints via configuration
2019-12-04 02:50:32.305  INFO 1 --- [AsyncResolver-bootstrap-executor-0] c.n.d.s.r.aws.ConfigClusterResolver      : Resolving eureka endpoints via configuration
2019-12-04 02:55:31.962  INFO 1 --- [AsyncResolver-bootstrap-executor-0] c.n.d.s.r.aws.ConfigClusterResolver      : Resolving eureka endpoints via configuration
2019-12-04 02:59:18.772  INFO 1 --- [Thread-8] o.s.c.n.e.s.EurekaServiceRegistry        : Unregistering application USER with eureka with status DOWN
2019-12-04 02:59:18.789  WARN 1 --- [Thread-8] com.netflix.discovery.DiscoveryClient    : Saw local status change event StatusChangeEvent [timestamp=1575428358787, current=DOWN, previous=UP]
2019-12-04 02:59:18.792  INFO 1 --- [DiscoveryClient-InstanceInfoReplicator-0] com.netflix.discovery.DiscoveryClient    : DiscoveryClient_USER/6dc8c83c13ab:user:8081: registering service...
2019-12-04 02:59:18.841  INFO 1 --- [DiscoveryClient-InstanceInfoReplicator-0] com.netflix.discovery.DiscoveryClient    : DiscoveryClient_USER/6dc8c83c13ab:user:8081 - registration status: 204
2019-12-04 02:59:18.878  INFO 1 --- [Thread-8] o.s.s.concurrent.ThreadPoolTaskExecutor  : Shutting down ExecutorService 'applicationTaskExecutor'
2019-12-04 02:59:18.965  INFO 1 --- [Thread-8] j.LocalContainerEntityManagerFactoryBean : Closing JPA EntityManagerFactory for persistence unit 'default'
2019-12-04 02:59:18.983  INFO 1 --- [Thread-8] com.netflix.discovery.DiscoveryClient    : Shutting down DiscoveryClient ...
2019-12-04 02:59:21.993  INFO 1 --- [Thread-8] com.netflix.discovery.DiscoveryClient    : Unregistering ...
2019-12-04 02:59:22.030  INFO 1 --- [Thread-8] com.netflix.discovery.DiscoveryClient    : DiscoveryClient_USER/6dc8c83c13ab:user:8081 - deregister  status: 200
2019-12-04 02:59:22.109  INFO 1 --- [Thread-8] com.netflix.discovery.DiscoveryClient    : Completed shut down of DiscoveryClient
2019-12-04 02:59:22.113  INFO 1 --- [Thread-8] com.zaxxer.hikari.HikariDataSource       : HikariPool-1 - Shutdown initiated...
2019-12-04 02:59:22.181  INFO 1 --- [Thread-8] com.zaxxer.hikari.HikariDataSource       : HikariPool-1 - Shutdown completed.
2019-12-04 02:59:51.638  INFO 1 --- [main] c.example.usersapi.UsersApiApplication   : The following profiles are active: dev
2019-12-04 02:59:54.736  INFO 1 --- [main] .s.d.r.c.RepositoryConfigurationDelegate : Bootstrapping Spring Data repositories in DEFAULT mode.
2019-12-04 02:59:55.414  INFO 1 --- [main] .s.d.r.c.RepositoryConfigurationDelegate : Finished Spring Data repository scanning in 640ms. Found 3 repository interfaces.
2019-12-04 02:59:56.471  INFO 1 --- [main] o.s.cloud.context.scope.GenericScope     : BeanFactory id=22177b90-f401-3bf5-a5d1-add5add6d4fc
2019-12-04 02:59:56.587  INFO 1 --- [main] trationDelegate$BeanPostProcessorChecker : Bean 'com.example.usersapi.feign.CommentClient' of type [org.springframework.cloud.openfeign.FeignClientFactoryBean] is not eligible for getting processed by all BeanPostProcessors (for example: not eligible for auto-proxying)
2019-12-04 02:59:56.600  INFO 1 --- [main] trationDelegate$BeanPostProcessorChecker : Bean 'com.example.usersapi.feign.PostClient' of type [org.springframework.cloud.openfeign.FeignClientFactoryBean] is not eligible for getting processed by all BeanPostProcessors (for example: not eligible for auto-proxying)
2019-12-04 02:59:56.984  INFO 1 --- [main] trationDelegate$BeanPostProcessorChecker : Bean 'org.springframework.transaction.annotation.ProxyTransactionManagementConfiguration' of type [org.springframework.transaction.annotation.ProxyTransactionManagementConfiguration$$EnhancerBySpringCGLIB$$2970998f] is not eligible for getting processed by all BeanPostProcessors (for example: not eligible for auto-proxying)
2019-12-04 02:59:57.132  INFO 1 --- [main] trationDelegate$BeanPostProcessorChecker : Bean 'org.springframework.hateoas.config.HateoasConfiguration' of type [org.springframework.hateoas.config.HateoasConfiguration$$EnhancerBySpringCGLIB$$a8f0e6c1] is not eligible for getting processed by all BeanPostProcessors (for example: not eligible for auto-proxying)
2019-12-04 02:59:57.167  INFO 1 --- [main] trationDelegate$BeanPostProcessorChecker : Bean 'org.springframework.cloud.autoconfigure.ConfigurationPropertiesRebinderAutoConfiguration' of type [org.springframework.cloud.autoconfigure.ConfigurationPropertiesRebinderAutoConfiguration$$EnhancerBySpringCGLIB$$458a9c8c] is not eligible for getting processed by all BeanPostProcessors (for example: not eligible for auto-proxying)
2019-12-04 02:59:58.191  INFO 1 --- [main] o.s.b.w.embedded.tomcat.TomcatWebServer  : Tomcat initialized with port(s): 8081 (http)
2019-12-04 02:59:58.283  INFO 1 --- [main] o.apache.catalina.core.StandardService   : Starting service [Tomcat]
2019-12-04 02:59:58.286  INFO 1 --- [main] org.apache.catalina.core.StandardEngine  : Starting Servlet engine: [Apache Tomcat/9.0.22]
2019-12-04 02:59:58.706  INFO 1 --- [main] o.a.c.c.C.[Tomcat].[localhost].[/]       : Initializing Spring embedded WebApplicationContext
2019-12-04 02:59:58.711  INFO 1 --- [main] o.s.web.context.ContextLoader            : Root WebApplicationContext: initialization completed in 6986 ms
2019-12-04 02:59:59.732  INFO 1 --- [main] o.f.c.internal.license.VersionPrinter    : Flyway Community Edition 5.2.4 by Boxfuse
2019-12-04 03:00:00.616  INFO 1 --- [main] com.zaxxer.hikari.HikariDataSource       : HikariPool-1 - Starting...
2019-12-04 03:00:00.927  INFO 1 --- [main] com.zaxxer.hikari.HikariDataSource       : HikariPool-1 - Start completed.
2019-12-04 03:00:00.947  INFO 1 --- [main] o.f.c.internal.database.DatabaseFactory  : Database: jdbc:postgresql://postgresdev:5432/pgdev (PostgreSQL 12.0)
2019-12-04 03:00:00.990  WARN 1 --- [main] o.f.c.internal.database.base.Database    : Flyway upgrade recommended: PostgreSQL 12.0 is newer than this version of Flyway and support has not been tested.
2019-12-04 03:00:01.235  INFO 1 --- [main] o.f.core.internal.command.DbValidate     : Successfully validated 1 migration (execution time 00:00.052s)
2019-12-04 03:00:01.290  INFO 1 --- [main] o.f.c.i.s.JdbcTableSchemaHistory         : Creating Schema History table: "public"."flyway_schema_history"
2019-12-04 03:00:01.403  INFO 1 --- [main] o.f.core.internal.command.DbMigrate      : Current version of schema "public": << Empty Schema >>
2019-12-04 03:00:01.411  INFO 1 --- [main] o.f.core.internal.command.DbMigrate      : Migrating schema "public" to version 1 - createUsersTable
2019-12-04 03:00:01.431  INFO 1 --- [main] o.f.c.i.s.DefaultSqlScriptExecutor       : DB: table "users" does not exist, skipping
2019-12-04 03:00:01.438  INFO 1 --- [main] o.f.c.i.s.DefaultSqlScriptExecutor       : DB: table "posts" does not exist, skipping
2019-12-04 03:00:01.442  INFO 1 --- [main] o.f.c.i.s.DefaultSqlScriptExecutor       : DB: table "comments" does not exist, skipping
2019-12-04 03:00:01.446  INFO 1 --- [main] o.f.c.i.s.DefaultSqlScriptExecutor       : DB: table "user_profiles" does not exist, skipping
2019-12-04 03:00:01.450  INFO 1 --- [main] o.f.c.i.s.DefaultSqlScriptExecutor       : DB: table "user_roles" does not exist, skipping
2019-12-04 03:00:01.471  INFO 1 --- [main] o.f.c.i.s.DefaultSqlScriptExecutor       : DB: table "posts" does not exist, skipping
2019-12-04 03:00:01.481  INFO 1 --- [main] o.f.c.i.s.DefaultSqlScriptExecutor       : DB: table "comments" does not exist, skipping
2019-12-04 03:00:01.485  INFO 1 --- [main] o.f.c.i.s.DefaultSqlScriptExecutor       : DB: type "user_obj" does not exist, skipping
2019-12-04 03:00:01.495  INFO 1 --- [main] o.f.c.i.s.DefaultSqlScriptExecutor       : DB: table "user_profiles" does not exist, skipping
2019-12-04 03:00:01.503  INFO 1 --- [main] o.f.c.i.s.DefaultSqlScriptExecutor       : DB: table "user_roles" does not exist, skipping
2019-12-04 03:00:01.543  INFO 1 --- [main] o.f.core.internal.command.DbMigrate      : Successfully applied 1 migration to schema "public" (execution time 00:00.255s)
2019-12-04 03:00:01.550  INFO 1 --- [main] o.f.c.i.c.SqlScriptCallbackFactory       : Executing SQL callback: afterMigrate
2019-12-04 03:00:02.116  INFO 1 --- [main] o.hibernate.jpa.internal.util.LogHelper  : HHH000204: Processing PersistenceUnitInfo [
	name: default
	...]
2019-12-04 03:00:02.363  INFO 1 --- [main] org.hibernate.Version                    : HHH000412: Hibernate Core {5.3.10.Final}
2019-12-04 03:00:02.393  INFO 1 --- [main] org.hibernate.cfg.Environment            : HHH000206: hibernate.properties not found
2019-12-04 03:00:03.009  INFO 1 --- [main] o.hibernate.annotations.common.Version   : HCANN000001: Hibernate Commons Annotations {5.0.4.Final}
2019-12-04 03:00:03.920  INFO 1 --- [main] org.hibernate.dialect.Dialect            : HHH000400: Using dialect: org.hibernate.dialect.PostgreSQLDialect
2019-12-04 03:00:03.994  INFO 1 --- [main] o.h.e.j.e.i.LobCreatorBuilderImpl        : HHH000422: Disabling contextual LOB creation as connection was null
2019-12-04 03:00:04.021  INFO 1 --- [main] org.hibernate.type.BasicTypeRegistry     : HHH000270: Type registration [java.util.UUID] overrides previous : org.hibernate.type.UUIDBinaryType@522c464f
2019-12-04 03:00:06.312  INFO 1 --- [main] j.LocalContainerEntityManagerFactoryBean : Initialized JPA EntityManagerFactory for persistence unit 'default'
2019-12-04 03:00:07.528  INFO 1 --- [main] o.h.h.i.QueryTranslatorFactoryInitiator  : HHH000397: Using ASTQueryTranslatorFactory
2019-12-04 03:00:09.936  WARN 1 --- [main] aWebConfiguration$JpaWebMvcConfiguration : spring.jpa.open-in-view is enabled by default. Therefore, database queries may be performed during view rendering. Explicitly configure spring.jpa.open-in-view to disable this warning
2019-12-04 03:00:10.888  WARN 1 --- [main] c.n.c.sources.URLConfigurationSource     : No URLs will be polled as dynamic configuration sources.
2019-12-04 03:00:10.891  INFO 1 --- [main] c.n.c.sources.URLConfigurationSource     : To enable URLs as dynamic configuration sources, define System property archaius.configurationSource.additionalUrls or make config.properties available on classpath.
2019-12-04 03:00:10.914  WARN 1 --- [main] c.n.c.sources.URLConfigurationSource     : No URLs will be polled as dynamic configuration sources.
2019-12-04 03:00:10.918  INFO 1 --- [main] c.n.c.sources.URLConfigurationSource     : To enable URLs as dynamic configuration sources, define System property archaius.configurationSource.additionalUrls or make config.properties available on classpath.
2019-12-04 03:00:11.541  INFO 1 --- [main] o.s.s.concurrent.ThreadPoolTaskExecutor  : Initializing ExecutorService 'applicationTaskExecutor'
2019-12-04 03:00:13.076  INFO 1 --- [main] o.s.c.n.eureka.InstanceInfoFactory       : Setting initial instance status as: STARTING
2019-12-04 03:00:13.239  INFO 1 --- [main] com.netflix.discovery.DiscoveryClient    : Initializing Eureka in region us-east-1
2019-12-04 03:00:14.213  INFO 1 --- [main] c.n.d.provider.DiscoveryJerseyProvider   : Using JSON encoding codec LegacyJacksonJson
2019-12-04 03:00:14.216  INFO 1 --- [main] c.n.d.provider.DiscoveryJerseyProvider   : Using JSON decoding codec LegacyJacksonJson
2019-12-04 03:00:14.755  INFO 1 --- [main] c.n.d.provider.DiscoveryJerseyProvider   : Using XML encoding codec XStreamXml
2019-12-04 03:00:14.756  INFO 1 --- [main] c.n.d.provider.DiscoveryJerseyProvider   : Using XML decoding codec XStreamXml
2019-12-04 03:00:15.426  INFO 1 --- [main] c.n.d.s.r.aws.ConfigClusterResolver      : Resolving eureka endpoints via configuration
2019-12-04 03:00:15.534  INFO 1 --- [main] com.netflix.discovery.DiscoveryClient    : Disable delta property : false
2019-12-04 03:00:15.536  INFO 1 --- [main] com.netflix.discovery.DiscoveryClient    : Single vip registry refresh property : null
2019-12-04 03:00:15.538  INFO 1 --- [main] com.netflix.discovery.DiscoveryClient    : Force full registry fetch : false
2019-12-04 03:00:15.539  INFO 1 --- [main] com.netflix.discovery.DiscoveryClient    : Application is null : false
2019-12-04 03:00:15.540  INFO 1 --- [main] com.netflix.discovery.DiscoveryClient    : Registered Applications size is zero : true
2019-12-04 03:00:15.542  INFO 1 --- [main] com.netflix.discovery.DiscoveryClient    : Application version is -1: true
2019-12-04 03:00:15.543  INFO 1 --- [main] com.netflix.discovery.DiscoveryClient    : Getting all instance registry info from the eureka server
2019-12-04 03:00:16.256  INFO 1 --- [main] com.netflix.discovery.DiscoveryClient    : The response status is 200
2019-12-04 03:00:16.265  INFO 1 --- [main] com.netflix.discovery.DiscoveryClient    : Starting heartbeat executor: renew interval is: 30
2019-12-04 03:00:16.274  INFO 1 --- [main] c.n.discovery.InstanceInfoReplicator     : InstanceInfoReplicator onDemand update allowed rate per min is 4
2019-12-04 03:00:16.286  INFO 1 --- [main] com.netflix.discovery.DiscoveryClient    : Discovery Client initialized at timestamp 1575428416282 with initial instances count: 3
2019-12-04 03:00:16.293  INFO 1 --- [main] o.s.c.n.e.s.EurekaServiceRegistry        : Registering application USER with eureka with status UP
2019-12-04 03:00:16.298  INFO 1 --- [main] com.netflix.discovery.DiscoveryClient    : Saw local status change event StatusChangeEvent [timestamp=1575428416298, current=UP, previous=STARTING]
2019-12-04 03:00:16.307  INFO 1 --- [DiscoveryClient-InstanceInfoReplicator-0] com.netflix.discovery.DiscoveryClient    : DiscoveryClient_USER/6dc8c83c13ab:user:8081: registering service...
2019-12-04 03:00:16.314  INFO 1 --- [main] d.s.w.p.DocumentationPluginsBootstrapper : Context refreshed
2019-12-04 03:00:16.421  INFO 1 --- [main] d.s.w.p.DocumentationPluginsBootstrapper : Found 1 custom documentation plugin(s)
2019-12-04 03:00:16.571  INFO 1 --- [main] s.d.s.w.s.ApiListingReferenceScanner     : Scanning for api listing references
2019-12-04 03:00:16.625  INFO 1 --- [DiscoveryClient-InstanceInfoReplicator-0] com.netflix.discovery.DiscoveryClient    : DiscoveryClient_USER/6dc8c83c13ab:user:8081 - registration status: 204
2019-12-04 03:00:17.415  INFO 1 --- [main] o.s.b.w.embedded.tomcat.TomcatWebServer  : Tomcat started on port(s): 8081 (http) with context path ''
2019-12-04 03:00:17.420  INFO 1 --- [main] .s.c.n.e.s.EurekaAutoServiceRegistration : Updating port to 8081
2019-12-04 03:00:17.427  INFO 1 --- [main] c.example.usersapi.UsersApiApplication   : Started UsersApiApplication in 30.422 seconds (JVM running for 50.42)
2019-12-04 03:01:36.967  INFO 1 --- [http-nio-8081-exec-1] o.a.c.c.C.[Tomcat].[localhost].[/]       : Initializing Spring DispatcherServlet 'dispatcherServlet'
2019-12-04 03:01:37.251  INFO 1 --- [http-nio-8081-exec-1] o.s.web.servlet.DispatcherServlet        : Initializing Servlet 'dispatcherServlet'
2019-12-04 03:01:37.997  INFO 1 --- [http-nio-8081-exec-1] o.s.web.servlet.DispatcherServlet        : Completed initialization in 701 ms
2019-12-04 03:02:27.320 ERROR 1 --- [http-nio-8081-exec-2] o.a.c.c.C.[.[.[/].[dispatcherServlet]    : Servlet.service() for servlet [dispatcherServlet] in context with path [] threw exception [Request processing failed; nested exception is com.example.usersapi.exception.UserAlreadyExistsException: User with that name/email already Exists] with root cause

com.example.usersapi.exception.UserAlreadyExistsException: User with that name/email already Exists
	at com.example.usersapi.service.UserServiceImpl.signUpUser(UserServiceImpl.java:58) ~[classes/:na]
	at com.example.usersapi.controller.UsersApiController.signUpUser(UsersApiController.java:51) ~[classes/:na]
	at sun.reflect.NativeMethodAccessorImpl.invoke0(Native Method) ~[na:1.8.0_222]
	at sun.reflect.NativeMethodAccessorImpl.invoke(NativeMethodAccessorImpl.java:62) ~[na:1.8.0_222]
	at sun.reflect.DelegatingMethodAccessorImpl.invoke(DelegatingMethodAccessorImpl.java:43) ~[na:1.8.0_222]
	at java.lang.reflect.Method.invoke(Method.java:498) ~[na:1.8.0_222]
	at org.springframework.web.method.support.InvocableHandlerMethod.doInvoke(InvocableHandlerMethod.java:190) ~[spring-web-5.1.9.RELEASE.jar:5.1.9.RELEASE]
	at org.springframework.web.method.support.InvocableHandlerMethod.invokeForRequest(InvocableHandlerMethod.java:138) ~[spring-web-5.1.9.RELEASE.jar:5.1.9.RELEASE]
	at org.springframework.web.servlet.mvc.method.annotation.ServletInvocableHandlerMethod.invokeAndHandle(ServletInvocableHandlerMethod.java:104) ~[spring-webmvc-5.1.9.RELEASE.jar:5.1.9.RELEASE]
	at org.springframework.web.servlet.mvc.method.annotation.RequestMappingHandlerAdapter.invokeHandlerMethod(RequestMappingHandlerAdapter.java:892) ~[spring-webmvc-5.1.9.RELEASE.jar:5.1.9.RELEASE]
	at org.springframework.web.servlet.mvc.method.annotation.RequestMappingHandlerAdapter.handleInternal(RequestMappingHandlerAdapter.java:797) ~[spring-webmvc-5.1.9.RELEASE.jar:5.1.9.RELEASE]
	at org.springframework.web.servlet.mvc.method.AbstractHandlerMethodAdapter.handle(AbstractHandlerMethodAdapter.java:87) ~[spring-webmvc-5.1.9.RELEASE.jar:5.1.9.RELEASE]
	at org.springframework.web.servlet.DispatcherServlet.doDispatch(DispatcherServlet.java:1039) ~[spring-webmvc-5.1.9.RELEASE.jar:5.1.9.RELEASE]
	at org.springframework.web.servlet.DispatcherServlet.doService(DispatcherServlet.java:942) ~[spring-webmvc-5.1.9.RELEASE.jar:5.1.9.RELEASE]
	at org.springframework.web.servlet.FrameworkServlet.processRequest(FrameworkServlet.java:1005) ~[spring-webmvc-5.1.9.RELEASE.jar:5.1.9.RELEASE]
	at org.springframework.web.servlet.FrameworkServlet.doPost(FrameworkServlet.java:908) ~[spring-webmvc-5.1.9.RELEASE.jar:5.1.9.RELEASE]
	at javax.servlet.http.HttpServlet.service(HttpServlet.java:660) ~[tomcat-embed-core-9.0.22.jar:9.0.22]
	at org.springframework.web.servlet.FrameworkServlet.service(FrameworkServlet.java:882) ~[spring-webmvc-5.1.9.RELEASE.jar:5.1.9.RELEASE]
	at javax.servlet.http.HttpServlet.service(HttpServlet.java:741) ~[tomcat-embed-core-9.0.22.jar:9.0.22]
	at org.apache.catalina.core.ApplicationFilterChain.internalDoFilter(ApplicationFilterChain.java:231) ~[tomcat-embed-core-9.0.22.jar:9.0.22]
	at org.apache.catalina.core.ApplicationFilterChain.doFilter(ApplicationFilterChain.java:166) ~[tomcat-embed-core-9.0.22.jar:9.0.22]
	at org.apache.tomcat.websocket.server.WsFilter.doFilter(WsFilter.java:53) ~[tomcat-embed-websocket-9.0.22.jar:9.0.22]
	at org.apache.catalina.core.ApplicationFilterChain.internalDoFilter(ApplicationFilterChain.java:193) ~[tomcat-embed-core-9.0.22.jar:9.0.22]
	at org.apache.catalina.core.ApplicationFilterChain.doFilter(ApplicationFilterChain.java:166) ~[tomcat-embed-core-9.0.22.jar:9.0.22]
	at org.springframework.web.filter.RequestContextFilter.doFilterInternal(RequestContextFilter.java:99) ~[spring-web-5.1.9.RELEASE.jar:5.1.9.RELEASE]
	at org.springframework.web.filter.OncePerRequestFilter.doFilter(OncePerRequestFilter.java:118) ~[spring-web-5.1.9.RELEASE.jar:5.1.9.RELEASE]
	at org.apache.catalina.core.ApplicationFilterChain.internalDoFilter(ApplicationFilterChain.java:193) ~[tomcat-embed-core-9.0.22.jar:9.0.22]
	at org.apache.catalina.core.ApplicationFilterChain.doFilter(ApplicationFilterChain.java:166) ~[tomcat-embed-core-9.0.22.jar:9.0.22]
	at org.springframework.web.filter.FormContentFilter.doFilterInternal(FormContentFilter.java:92) ~[spring-web-5.1.9.RELEASE.jar:5.1.9.RELEASE]
	at org.springframework.web.filter.OncePerRequestFilter.doFilter(OncePerRequestFilter.java:118) ~[spring-web-5.1.9.RELEASE.jar:5.1.9.RELEASE]
	at org.apache.catalina.core.ApplicationFilterChain.internalDoFilter(ApplicationFilterChain.java:193) ~[tomcat-embed-core-9.0.22.jar:9.0.22]
	at org.apache.catalina.core.ApplicationFilterChain.doFilter(ApplicationFilterChain.java:166) ~[tomcat-embed-core-9.0.22.jar:9.0.22]
	at org.springframework.web.filter.HiddenHttpMethodFilter.doFilterInternal(HiddenHttpMethodFilter.java:93) ~[spring-web-5.1.9.RELEASE.jar:5.1.9.RELEASE]
	at org.springframework.web.filter.OncePerRequestFilter.doFilter(OncePerRequestFilter.java:118) ~[spring-web-5.1.9.RELEASE.jar:5.1.9.RELEASE]
	at org.apache.catalina.core.ApplicationFilterChain.internalDoFilter(ApplicationFilterChain.java:193) ~[tomcat-embed-core-9.0.22.jar:9.0.22]
	at org.apache.catalina.core.ApplicationFilterChain.doFilter(ApplicationFilterChain.java:166) ~[tomcat-embed-core-9.0.22.jar:9.0.22]
	at org.springframework.web.filter.CharacterEncodingFilter.doFilterInternal(CharacterEncodingFilter.java:200) ~[spring-web-5.1.9.RELEASE.jar:5.1.9.RELEASE]
	at org.springframework.web.filter.OncePerRequestFilter.doFilter(OncePerRequestFilter.java:118) ~[spring-web-5.1.9.RELEASE.jar:5.1.9.RELEASE]
	at org.apache.catalina.core.ApplicationFilterChain.internalDoFilter(ApplicationFilterChain.java:193) ~[tomcat-embed-core-9.0.22.jar:9.0.22]
	at org.apache.catalina.core.ApplicationFilterChain.doFilter(ApplicationFilterChain.java:166) ~[tomcat-embed-core-9.0.22.jar:9.0.22]
	at org.apache.catalina.core.StandardWrapperValve.invoke(StandardWrapperValve.java:202) ~[tomcat-embed-core-9.0.22.jar:9.0.22]
	at org.apache.catalina.core.StandardContextValve.invoke(StandardContextValve.java:96) [tomcat-embed-core-9.0.22.jar:9.0.22]
	at org.apache.catalina.authenticator.AuthenticatorBase.invoke(AuthenticatorBase.java:490) [tomcat-embed-core-9.0.22.jar:9.0.22]
	at org.apache.catalina.core.StandardHostValve.invoke(StandardHostValve.java:139) [tomcat-embed-core-9.0.22.jar:9.0.22]
	at org.apache.catalina.valves.ErrorReportValve.invoke(ErrorReportValve.java:92) [tomcat-embed-core-9.0.22.jar:9.0.22]
	at org.apache.catalina.core.StandardEngineValve.invoke(StandardEngineValve.java:74) [tomcat-embed-core-9.0.22.jar:9.0.22]
	at org.apache.catalina.connector.CoyoteAdapter.service(CoyoteAdapter.java:343) [tomcat-embed-core-9.0.22.jar:9.0.22]
	at org.apache.coyote.http11.Http11Processor.service(Http11Processor.java:408) [tomcat-embed-core-9.0.22.jar:9.0.22]
	at org.apache.coyote.AbstractProcessorLight.process(AbstractProcessorLight.java:66) [tomcat-embed-core-9.0.22.jar:9.0.22]
	at org.apache.coyote.AbstractProtocol$ConnectionHandler.process(AbstractProtocol.java:853) [tomcat-embed-core-9.0.22.jar:9.0.22]
	at org.apache.tomcat.util.net.NioEndpoint$SocketProcessor.doRun(NioEndpoint.java:1587) [tomcat-embed-core-9.0.22.jar:9.0.22]
	at org.apache.tomcat.util.net.SocketProcessorBase.run(SocketProcessorBase.java:49) [tomcat-embed-core-9.0.22.jar:9.0.22]
	at java.util.concurrent.ThreadPoolExecutor.runWorker(ThreadPoolExecutor.java:1149) [na:1.8.0_222]
	at java.util.concurrent.ThreadPoolExecutor$Worker.run(ThreadPoolExecutor.java:624) [na:1.8.0_222]
	at org.apache.tomcat.util.threads.TaskThread$WrappingRunnable.run(TaskThread.java:61) [tomcat-embed-core-9.0.22.jar:9.0.22]
	at java.lang.Thread.run(Thread.java:748) [na:1.8.0_222]

2019-12-04 03:02:37.649  INFO 1 --- [http-nio-8081-exec-1] c.e.usersapi.service.UserServiceImpl     : >>>>>>>>>> pip just signed up!
2019-12-04 03:03:01.502 ERROR 1 --- [http-nio-8081-exec-3] o.a.c.c.C.[.[.[/].[dispatcherServlet]    : Servlet.service() for servlet [dispatcherServlet] in context with path [] threw exception [Request processing failed; nested exception is java.lang.NullPointerException] with root cause

java.lang.NullPointerException: null
	at com.example.usersapi.service.UserServiceImpl.loginUser(UserServiceImpl.java:77) ~[classes/:na]
	at com.example.usersapi.controller.UsersApiController.loginUser(UsersApiController.java:60) ~[classes/:na]
	at sun.reflect.NativeMethodAccessorImpl.invoke0(Native Method) ~[na:1.8.0_222]
	at sun.reflect.NativeMethodAccessorImpl.invoke(NativeMethodAccessorImpl.java:62) ~[na:1.8.0_222]
	at sun.reflect.DelegatingMethodAccessorImpl.invoke(DelegatingMethodAccessorImpl.java:43) ~[na:1.8.0_222]
	at java.lang.reflect.Method.invoke(Method.java:498) ~[na:1.8.0_222]
	at org.springframework.web.method.support.InvocableHandlerMethod.doInvoke(InvocableHandlerMethod.java:190) ~[spring-web-5.1.9.RELEASE.jar:5.1.9.RELEASE]
	at org.springframework.web.method.support.InvocableHandlerMethod.invokeForRequest(InvocableHandlerMethod.java:138) ~[spring-web-5.1.9.RELEASE.jar:5.1.9.RELEASE]
	at org.springframework.web.servlet.mvc.method.annotation.ServletInvocableHandlerMethod.invokeAndHandle(ServletInvocableHandlerMethod.java:104) ~[spring-webmvc-5.1.9.RELEASE.jar:5.1.9.RELEASE]
	at org.springframework.web.servlet.mvc.method.annotation.RequestMappingHandlerAdapter.invokeHandlerMethod(RequestMappingHandlerAdapter.java:892) ~[spring-webmvc-5.1.9.RELEASE.jar:5.1.9.RELEASE]
	at org.springframework.web.servlet.mvc.method.annotation.RequestMappingHandlerAdapter.handleInternal(RequestMappingHandlerAdapter.java:797) ~[spring-webmvc-5.1.9.RELEASE.jar:5.1.9.RELEASE]
	at org.springframework.web.servlet.mvc.method.AbstractHandlerMethodAdapter.handle(AbstractHandlerMethodAdapter.java:87) ~[spring-webmvc-5.1.9.RELEASE.jar:5.1.9.RELEASE]
	at org.springframework.web.servlet.DispatcherServlet.doDispatch(DispatcherServlet.java:1039) ~[spring-webmvc-5.1.9.RELEASE.jar:5.1.9.RELEASE]
	at org.springframework.web.servlet.DispatcherServlet.doService(DispatcherServlet.java:942) ~[spring-webmvc-5.1.9.RELEASE.jar:5.1.9.RELEASE]
	at org.springframework.web.servlet.FrameworkServlet.processRequest(FrameworkServlet.java:1005) ~[spring-webmvc-5.1.9.RELEASE.jar:5.1.9.RELEASE]
	at org.springframework.web.servlet.FrameworkServlet.doPost(FrameworkServlet.java:908) ~[spring-webmvc-5.1.9.RELEASE.jar:5.1.9.RELEASE]
	at javax.servlet.http.HttpServlet.service(HttpServlet.java:660) ~[tomcat-embed-core-9.0.22.jar:9.0.22]
	at org.springframework.web.servlet.FrameworkServlet.service(FrameworkServlet.java:882) ~[spring-webmvc-5.1.9.RELEASE.jar:5.1.9.RELEASE]
	at javax.servlet.http.HttpServlet.service(HttpServlet.java:741) ~[tomcat-embed-core-9.0.22.jar:9.0.22]
	at org.apache.catalina.core.ApplicationFilterChain.internalDoFilter(ApplicationFilterChain.java:231) ~[tomcat-embed-core-9.0.22.jar:9.0.22]
	at org.apache.catalina.core.ApplicationFilterChain.doFilter(ApplicationFilterChain.java:166) ~[tomcat-embed-core-9.0.22.jar:9.0.22]
	at org.apache.tomcat.websocket.server.WsFilter.doFilter(WsFilter.java:53) ~[tomcat-embed-websocket-9.0.22.jar:9.0.22]
	at org.apache.catalina.core.ApplicationFilterChain.internalDoFilter(ApplicationFilterChain.java:193) ~[tomcat-embed-core-9.0.22.jar:9.0.22]
	at org.apache.catalina.core.ApplicationFilterChain.doFilter(ApplicationFilterChain.java:166) ~[tomcat-embed-core-9.0.22.jar:9.0.22]
	at org.springframework.web.filter.RequestContextFilter.doFilterInternal(RequestContextFilter.java:99) ~[spring-web-5.1.9.RELEASE.jar:5.1.9.RELEASE]
	at org.springframework.web.filter.OncePerRequestFilter.doFilter(OncePerRequestFilter.java:118) ~[spring-web-5.1.9.RELEASE.jar:5.1.9.RELEASE]
	at org.apache.catalina.core.ApplicationFilterChain.internalDoFilter(ApplicationFilterChain.java:193) ~[tomcat-embed-core-9.0.22.jar:9.0.22]
	at org.apache.catalina.core.ApplicationFilterChain.doFilter(ApplicationFilterChain.java:166) ~[tomcat-embed-core-9.0.22.jar:9.0.22]
	at org.springframework.web.filter.FormContentFilter.doFilterInternal(FormContentFilter.java:92) ~[spring-web-5.1.9.RELEASE.jar:5.1.9.RELEASE]
	at org.springframework.web.filter.OncePerRequestFilter.doFilter(OncePerRequestFilter.java:118) ~[spring-web-5.1.9.RELEASE.jar:5.1.9.RELEASE]
	at org.apache.catalina.core.ApplicationFilterChain.internalDoFilter(ApplicationFilterChain.java:193) ~[tomcat-embed-core-9.0.22.jar:9.0.22]
	at org.apache.catalina.core.ApplicationFilterChain.doFilter(ApplicationFilterChain.java:166) ~[tomcat-embed-core-9.0.22.jar:9.0.22]
	at org.springframework.web.filter.HiddenHttpMethodFilter.doFilterInternal(HiddenHttpMethodFilter.java:93) ~[spring-web-5.1.9.RELEASE.jar:5.1.9.RELEASE]
	at org.springframework.web.filter.OncePerRequestFilter.doFilter(OncePerRequestFilter.java:118) ~[spring-web-5.1.9.RELEASE.jar:5.1.9.RELEASE]
	at org.apache.catalina.core.ApplicationFilterChain.internalDoFilter(ApplicationFilterChain.java:193) ~[tomcat-embed-core-9.0.22.jar:9.0.22]
	at org.apache.catalina.core.ApplicationFilterChain.doFilter(ApplicationFilterChain.java:166) ~[tomcat-embed-core-9.0.22.jar:9.0.22]
	at org.springframework.web.filter.CharacterEncodingFilter.doFilterInternal(CharacterEncodingFilter.java:200) ~[spring-web-5.1.9.RELEASE.jar:5.1.9.RELEASE]
	at org.springframework.web.filter.OncePerRequestFilter.doFilter(OncePerRequestFilter.java:118) ~[spring-web-5.1.9.RELEASE.jar:5.1.9.RELEASE]
	at org.apache.catalina.core.ApplicationFilterChain.internalDoFilter(ApplicationFilterChain.java:193) ~[tomcat-embed-core-9.0.22.jar:9.0.22]
	at org.apache.catalina.core.ApplicationFilterChain.doFilter(ApplicationFilterChain.java:166) ~[tomcat-embed-core-9.0.22.jar:9.0.22]
	at org.apache.catalina.core.StandardWrapperValve.invoke(StandardWrapperValve.java:202) ~[tomcat-embed-core-9.0.22.jar:9.0.22]
	at org.apache.catalina.core.StandardContextValve.invoke(StandardContextValve.java:96) [tomcat-embed-core-9.0.22.jar:9.0.22]
	at org.apache.catalina.authenticator.AuthenticatorBase.invoke(AuthenticatorBase.java:490) [tomcat-embed-core-9.0.22.jar:9.0.22]
	at org.apache.catalina.core.StandardHostValve.invoke(StandardHostValve.java:139) [tomcat-embed-core-9.0.22.jar:9.0.22]
	at org.apache.catalina.valves.ErrorReportValve.invoke(ErrorReportValve.java:92) [tomcat-embed-core-9.0.22.jar:9.0.22]
	at org.apache.catalina.core.StandardEngineValve.invoke(StandardEngineValve.java:74) [tomcat-embed-core-9.0.22.jar:9.0.22]
	at org.apache.catalina.connector.CoyoteAdapter.service(CoyoteAdapter.java:343) [tomcat-embed-core-9.0.22.jar:9.0.22]
	at org.apache.coyote.http11.Http11Processor.service(Http11Processor.java:408) [tomcat-embed-core-9.0.22.jar:9.0.22]
	at org.apache.coyote.AbstractProcessorLight.process(AbstractProcessorLight.java:66) [tomcat-embed-core-9.0.22.jar:9.0.22]
	at org.apache.coyote.AbstractProtocol$ConnectionHandler.process(AbstractProtocol.java:853) [tomcat-embed-core-9.0.22.jar:9.0.22]
	at org.apache.tomcat.util.net.NioEndpoint$SocketProcessor.doRun(NioEndpoint.java:1587) [tomcat-embed-core-9.0.22.jar:9.0.22]
	at org.apache.tomcat.util.net.SocketProcessorBase.run(SocketProcessorBase.java:49) [tomcat-embed-core-9.0.22.jar:9.0.22]
	at java.util.concurrent.ThreadPoolExecutor.runWorker(ThreadPoolExecutor.java:1149) [na:1.8.0_222]
	at java.util.concurrent.ThreadPoolExecutor$Worker.run(ThreadPoolExecutor.java:624) [na:1.8.0_222]
	at org.apache.tomcat.util.threads.TaskThread$WrappingRunnable.run(TaskThread.java:61) [tomcat-embed-core-9.0.22.jar:9.0.22]
	at java.lang.Thread.run(Thread.java:748) [na:1.8.0_222]

2019-12-04 03:03:18.245 ERROR 1 --- [http-nio-8081-exec-4] o.a.c.c.C.[.[.[/].[dispatcherServlet]    : Servlet.service() for servlet [dispatcherServlet] in context with path [] threw exception [Request processing failed; nested exception is java.lang.NullPointerException] with root cause

java.lang.NullPointerException: null
	at com.example.usersapi.service.UserServiceImpl.loginUser(UserServiceImpl.java:77) ~[classes/:na]
	at com.example.usersapi.controller.UsersApiController.loginUser(UsersApiController.java:60) ~[classes/:na]
	at sun.reflect.NativeMethodAccessorImpl.invoke0(Native Method) ~[na:1.8.0_222]
	at sun.reflect.NativeMethodAccessorImpl.invoke(NativeMethodAccessorImpl.java:62) ~[na:1.8.0_222]
	at sun.reflect.DelegatingMethodAccessorImpl.invoke(DelegatingMethodAccessorImpl.java:43) ~[na:1.8.0_222]
	at java.lang.reflect.Method.invoke(Method.java:498) ~[na:1.8.0_222]
	at org.springframework.web.method.support.InvocableHandlerMethod.doInvoke(InvocableHandlerMethod.java:190) ~[spring-web-5.1.9.RELEASE.jar:5.1.9.RELEASE]
	at org.springframework.web.method.support.InvocableHandlerMethod.invokeForRequest(InvocableHandlerMethod.java:138) ~[spring-web-5.1.9.RELEASE.jar:5.1.9.RELEASE]
	at org.springframework.web.servlet.mvc.method.annotation.ServletInvocableHandlerMethod.invokeAndHandle(ServletInvocableHandlerMethod.java:104) ~[spring-webmvc-5.1.9.RELEASE.jar:5.1.9.RELEASE]
	at org.springframework.web.servlet.mvc.method.annotation.RequestMappingHandlerAdapter.invokeHandlerMethod(RequestMappingHandlerAdapter.java:892) ~[spring-webmvc-5.1.9.RELEASE.jar:5.1.9.RELEASE]
	at org.springframework.web.servlet.mvc.method.annotation.RequestMappingHandlerAdapter.handleInternal(RequestMappingHandlerAdapter.java:797) ~[spring-webmvc-5.1.9.RELEASE.jar:5.1.9.RELEASE]
	at org.springframework.web.servlet.mvc.method.AbstractHandlerMethodAdapter.handle(AbstractHandlerMethodAdapter.java:87) ~[spring-webmvc-5.1.9.RELEASE.jar:5.1.9.RELEASE]
	at org.springframework.web.servlet.DispatcherServlet.doDispatch(DispatcherServlet.java:1039) ~[spring-webmvc-5.1.9.RELEASE.jar:5.1.9.RELEASE]
	at org.springframework.web.servlet.DispatcherServlet.doService(DispatcherServlet.java:942) ~[spring-webmvc-5.1.9.RELEASE.jar:5.1.9.RELEASE]
	at org.springframework.web.servlet.FrameworkServlet.processRequest(FrameworkServlet.java:1005) ~[spring-webmvc-5.1.9.RELEASE.jar:5.1.9.RELEASE]
	at org.springframework.web.servlet.FrameworkServlet.doPost(FrameworkServlet.java:908) ~[spring-webmvc-5.1.9.RELEASE.jar:5.1.9.RELEASE]
	at javax.servlet.http.HttpServlet.service(HttpServlet.java:660) ~[tomcat-embed-core-9.0.22.jar:9.0.22]
	at org.springframework.web.servlet.FrameworkServlet.service(FrameworkServlet.java:882) ~[spring-webmvc-5.1.9.RELEASE.jar:5.1.9.RELEASE]
	at javax.servlet.http.HttpServlet.service(HttpServlet.java:741) ~[tomcat-embed-core-9.0.22.jar:9.0.22]
	at org.apache.catalina.core.ApplicationFilterChain.internalDoFilter(ApplicationFilterChain.java:231) ~[tomcat-embed-core-9.0.22.jar:9.0.22]
	at org.apache.catalina.core.ApplicationFilterChain.doFilter(ApplicationFilterChain.java:166) ~[tomcat-embed-core-9.0.22.jar:9.0.22]
	at org.apache.tomcat.websocket.server.WsFilter.doFilter(WsFilter.java:53) ~[tomcat-embed-websocket-9.0.22.jar:9.0.22]
	at org.apache.catalina.core.ApplicationFilterChain.internalDoFilter(ApplicationFilterChain.java:193) ~[tomcat-embed-core-9.0.22.jar:9.0.22]
	at org.apache.catalina.core.ApplicationFilterChain.doFilter(ApplicationFilterChain.java:166) ~[tomcat-embed-core-9.0.22.jar:9.0.22]
	at org.springframework.web.filter.RequestContextFilter.doFilterInternal(RequestContextFilter.java:99) ~[spring-web-5.1.9.RELEASE.jar:5.1.9.RELEASE]
	at org.springframework.web.filter.OncePerRequestFilter.doFilter(OncePerRequestFilter.java:118) ~[spring-web-5.1.9.RELEASE.jar:5.1.9.RELEASE]
	at org.apache.catalina.core.ApplicationFilterChain.internalDoFilter(ApplicationFilterChain.java:193) ~[tomcat-embed-core-9.0.22.jar:9.0.22]
	at org.apache.catalina.core.ApplicationFilterChain.doFilter(ApplicationFilterChain.java:166) ~[tomcat-embed-core-9.0.22.jar:9.0.22]
	at org.springframework.web.filter.FormContentFilter.doFilterInternal(FormContentFilter.java:92) ~[spring-web-5.1.9.RELEASE.jar:5.1.9.RELEASE]
	at org.springframework.web.filter.OncePerRequestFilter.doFilter(OncePerRequestFilter.java:118) ~[spring-web-5.1.9.RELEASE.jar:5.1.9.RELEASE]
	at org.apache.catalina.core.ApplicationFilterChain.internalDoFilter(ApplicationFilterChain.java:193) ~[tomcat-embed-core-9.0.22.jar:9.0.22]
	at org.apache.catalina.core.ApplicationFilterChain.doFilter(ApplicationFilterChain.java:166) ~[tomcat-embed-core-9.0.22.jar:9.0.22]
	at org.springframework.web.filter.HiddenHttpMethodFilter.doFilterInternal(HiddenHttpMethodFilter.java:93) ~[spring-web-5.1.9.RELEASE.jar:5.1.9.RELEASE]
	at org.springframework.web.filter.OncePerRequestFilter.doFilter(OncePerRequestFilter.java:118) ~[spring-web-5.1.9.RELEASE.jar:5.1.9.RELEASE]
	at org.apache.catalina.core.ApplicationFilterChain.internalDoFilter(ApplicationFilterChain.java:193) ~[tomcat-embed-core-9.0.22.jar:9.0.22]
	at org.apache.catalina.core.ApplicationFilterChain.doFilter(ApplicationFilterChain.java:166) ~[tomcat-embed-core-9.0.22.jar:9.0.22]
	at org.springframework.web.filter.CharacterEncodingFilter.doFilterInternal(CharacterEncodingFilter.java:200) ~[spring-web-5.1.9.RELEASE.jar:5.1.9.RELEASE]
	at org.springframework.web.filter.OncePerRequestFilter.doFilter(OncePerRequestFilter.java:118) ~[spring-web-5.1.9.RELEASE.jar:5.1.9.RELEASE]
	at org.apache.catalina.core.ApplicationFilterChain.internalDoFilter(ApplicationFilterChain.java:193) ~[tomcat-embed-core-9.0.22.jar:9.0.22]
	at org.apache.catalina.core.ApplicationFilterChain.doFilter(ApplicationFilterChain.java:166) ~[tomcat-embed-core-9.0.22.jar:9.0.22]
	at org.apache.catalina.core.StandardWrapperValve.invoke(StandardWrapperValve.java:202) ~[tomcat-embed-core-9.0.22.jar:9.0.22]
	at org.apache.catalina.core.StandardContextValve.invoke(StandardContextValve.java:96) [tomcat-embed-core-9.0.22.jar:9.0.22]
	at org.apache.catalina.authenticator.AuthenticatorBase.invoke(AuthenticatorBase.java:490) [tomcat-embed-core-9.0.22.jar:9.0.22]
	at org.apache.catalina.core.StandardHostValve.invoke(StandardHostValve.java:139) [tomcat-embed-core-9.0.22.jar:9.0.22]
	at org.apache.catalina.valves.ErrorReportValve.invoke(ErrorReportValve.java:92) [tomcat-embed-core-9.0.22.jar:9.0.22]
	at org.apache.catalina.core.StandardEngineValve.invoke(StandardEngineValve.java:74) [tomcat-embed-core-9.0.22.jar:9.0.22]
	at org.apache.catalina.connector.CoyoteAdapter.service(CoyoteAdapter.java:343) [tomcat-embed-core-9.0.22.jar:9.0.22]
	at org.apache.coyote.http11.Http11Processor.service(Http11Processor.java:408) [tomcat-embed-core-9.0.22.jar:9.0.22]
	at org.apache.coyote.AbstractProcessorLight.process(AbstractProcessorLight.java:66) [tomcat-embed-core-9.0.22.jar:9.0.22]
	at org.apache.coyote.AbstractProtocol$ConnectionHandler.process(AbstractProtocol.java:853) [tomcat-embed-core-9.0.22.jar:9.0.22]
	at org.apache.tomcat.util.net.NioEndpoint$SocketProcessor.doRun(NioEndpoint.java:1587) [tomcat-embed-core-9.0.22.jar:9.0.22]
	at org.apache.tomcat.util.net.SocketProcessorBase.run(SocketProcessorBase.java:49) [tomcat-embed-core-9.0.22.jar:9.0.22]
	at java.util.concurrent.ThreadPoolExecutor.runWorker(ThreadPoolExecutor.java:1149) [na:1.8.0_222]
	at java.util.concurrent.ThreadPoolExecutor$Worker.run(ThreadPoolExecutor.java:624) [na:1.8.0_222]
	at org.apache.tomcat.util.threads.TaskThread$WrappingRunnable.run(TaskThread.java:61) [tomcat-embed-core-9.0.22.jar:9.0.22]
	at java.lang.Thread.run(Thread.java:748) [na:1.8.0_222]

2019-12-04 03:03:38.754  INFO 1 --- [http-nio-8081-exec-5] c.e.usersapi.service.UserServiceImpl     : >>>>>>>>>> null just logged in!
2019-12-04 03:03:39.066  INFO 1 --- [http-nio-8081-exec-5] c.e.usersapi.service.UserServiceImpl     : >>>>>>>>>> null just logged in!
2019-12-04 03:04:26.580  INFO 1 --- [http-nio-8081-exec-6] c.e.usersapi.service.UserServiceImpl     : >>>>>>>>>> null just logged in!
2019-12-04 03:04:26.775  INFO 1 --- [http-nio-8081-exec-6] c.e.usersapi.service.UserServiceImpl     : >>>>>>>>>> null just logged in!
2019-12-04 03:04:48.137  INFO 1 --- [http-nio-8081-exec-7] c.e.usersapi.service.UserServiceImpl     : >>>>>>>>>> null just logged in!
2019-12-04 03:04:48.275  INFO 1 --- [http-nio-8081-exec-7] c.e.usersapi.service.UserServiceImpl     : >>>>>>>>>> null just logged in!
2019-12-04 03:05:00.830  INFO 1 --- [Thread-8] o.s.c.n.e.s.EurekaServiceRegistry        : Unregistering application USER with eureka with status DOWN
2019-12-04 03:05:00.851  WARN 1 --- [Thread-8] com.netflix.discovery.DiscoveryClient    : Saw local status change event StatusChangeEvent [timestamp=1575428700851, current=DOWN, previous=UP]
2019-12-04 03:05:00.853  INFO 1 --- [DiscoveryClient-InstanceInfoReplicator-0] com.netflix.discovery.DiscoveryClient    : DiscoveryClient_USER/6dc8c83c13ab:user:8081: registering service...
2019-12-04 03:05:00.919  INFO 1 --- [DiscoveryClient-InstanceInfoReplicator-0] com.netflix.discovery.DiscoveryClient    : DiscoveryClient_USER/6dc8c83c13ab:user:8081 - registration status: 204
2019-12-04 03:05:01.001  INFO 1 --- [Thread-8] o.s.s.concurrent.ThreadPoolTaskExecutor  : Shutting down ExecutorService 'applicationTaskExecutor'
2019-12-04 03:05:01.080  INFO 1 --- [Thread-8] j.LocalContainerEntityManagerFactoryBean : Closing JPA EntityManagerFactory for persistence unit 'default'
2019-12-04 03:05:01.129  INFO 1 --- [Thread-8] com.netflix.discovery.DiscoveryClient    : Shutting down DiscoveryClient ...
2019-12-04 03:05:04.100  INFO 1 --- [Thread-8] com.netflix.discovery.DiscoveryClient    : Unregistering ...
2019-12-04 03:05:04.144  INFO 1 --- [Thread-8] com.netflix.discovery.DiscoveryClient    : DiscoveryClient_USER/6dc8c83c13ab:user:8081 - deregister  status: 200
2019-12-04 03:05:04.218  INFO 1 --- [Thread-8] com.netflix.discovery.DiscoveryClient    : Completed shut down of DiscoveryClient
2019-12-04 03:05:04.222  INFO 1 --- [Thread-8] com.zaxxer.hikari.HikariDataSource       : HikariPool-1 - Shutdown initiated...
2019-12-04 03:05:04.313  INFO 1 --- [Thread-8] com.zaxxer.hikari.HikariDataSource       : HikariPool-1 - Shutdown completed.
2019-12-04 03:05:37.886  INFO 1 --- [main] c.example.usersapi.UsersApiApplication   : The following profiles are active: dev
2019-12-04 03:05:42.306  INFO 1 --- [main] .s.d.r.c.RepositoryConfigurationDelegate : Bootstrapping Spring Data repositories in DEFAULT mode.
2019-12-04 03:05:43.129  INFO 1 --- [main] .s.d.r.c.RepositoryConfigurationDelegate : Finished Spring Data repository scanning in 716ms. Found 3 repository interfaces.
2019-12-04 03:05:44.650  INFO 1 --- [main] o.s.cloud.context.scope.GenericScope     : BeanFactory id=22177b90-f401-3bf5-a5d1-add5add6d4fc
2019-12-04 03:05:44.795  INFO 1 --- [main] trationDelegate$BeanPostProcessorChecker : Bean 'com.example.usersapi.feign.CommentClient' of type [org.springframework.cloud.openfeign.FeignClientFactoryBean] is not eligible for getting processed by all BeanPostProcessors (for example: not eligible for auto-proxying)
2019-12-04 03:05:44.809  INFO 1 --- [main] trationDelegate$BeanPostProcessorChecker : Bean 'com.example.usersapi.feign.PostClient' of type [org.springframework.cloud.openfeign.FeignClientFactoryBean] is not eligible for getting processed by all BeanPostProcessors (for example: not eligible for auto-proxying)
2019-12-04 03:05:45.199  INFO 1 --- [main] trationDelegate$BeanPostProcessorChecker : Bean 'org.springframework.transaction.annotation.ProxyTransactionManagementConfiguration' of type [org.springframework.transaction.annotation.ProxyTransactionManagementConfiguration$$EnhancerBySpringCGLIB$$d7070e13] is not eligible for getting processed by all BeanPostProcessors (for example: not eligible for auto-proxying)
2019-12-04 03:05:45.319  INFO 1 --- [main] trationDelegate$BeanPostProcessorChecker : Bean 'org.springframework.hateoas.config.HateoasConfiguration' of type [org.springframework.hateoas.config.HateoasConfiguration$$EnhancerBySpringCGLIB$$56875b45] is not eligible for getting processed by all BeanPostProcessors (for example: not eligible for auto-proxying)
2019-12-04 03:05:45.340  INFO 1 --- [main] trationDelegate$BeanPostProcessorChecker : Bean 'org.springframework.cloud.autoconfigure.ConfigurationPropertiesRebinderAutoConfiguration' of type [org.springframework.cloud.autoconfigure.ConfigurationPropertiesRebinderAutoConfiguration$$EnhancerBySpringCGLIB$$f3211110] is not eligible for getting processed by all BeanPostProcessors (for example: not eligible for auto-proxying)
2019-12-04 03:05:46.318  INFO 1 --- [main] o.s.b.w.embedded.tomcat.TomcatWebServer  : Tomcat initialized with port(s): 8081 (http)
2019-12-04 03:05:46.463  INFO 1 --- [main] o.apache.catalina.core.StandardService   : Starting service [Tomcat]
2019-12-04 03:05:46.466  INFO 1 --- [main] org.apache.catalina.core.StandardEngine  : Starting Servlet engine: [Apache Tomcat/9.0.22]
2019-12-04 03:05:46.932  INFO 1 --- [main] o.a.c.c.C.[Tomcat].[localhost].[/]       : Initializing Spring embedded WebApplicationContext
2019-12-04 03:05:46.934  INFO 1 --- [main] o.s.web.context.ContextLoader            : Root WebApplicationContext: initialization completed in 8799 ms
2019-12-04 03:05:47.570  INFO 1 --- [main] o.f.c.internal.license.VersionPrinter    : Flyway Community Edition 5.2.4 by Boxfuse
2019-12-04 03:05:48.320  INFO 1 --- [main] com.zaxxer.hikari.HikariDataSource       : HikariPool-1 - Starting...
2019-12-04 03:05:49.313  INFO 1 --- [main] com.zaxxer.hikari.HikariDataSource       : HikariPool-1 - Start completed.
2019-12-04 03:05:49.357  INFO 1 --- [main] o.f.c.internal.database.DatabaseFactory  : Database: jdbc:postgresql://postgresdev:5432/pgdev (PostgreSQL 12.0)
2019-12-04 03:05:49.441  WARN 1 --- [main] o.f.c.internal.database.base.Database    : Flyway upgrade recommended: PostgreSQL 12.0 is newer than this version of Flyway and support has not been tested.
2019-12-04 03:05:50.046  INFO 1 --- [main] o.f.core.internal.command.DbValidate     : Successfully validated 1 migration (execution time 00:00.129s)
2019-12-04 03:05:50.088  INFO 1 --- [main] o.f.c.i.s.JdbcTableSchemaHistory         : Creating Schema History table: "public"."flyway_schema_history"
2019-12-04 03:05:50.150  INFO 1 --- [main] o.f.core.internal.command.DbMigrate      : Current version of schema "public": << Empty Schema >>
2019-12-04 03:05:50.158  INFO 1 --- [main] o.f.core.internal.command.DbMigrate      : Migrating schema "public" to version 1 - createUsersTable
2019-12-04 03:05:50.190  INFO 1 --- [main] o.f.c.i.s.DefaultSqlScriptExecutor       : DB: table "users" does not exist, skipping
2019-12-04 03:05:50.200  INFO 1 --- [main] o.f.c.i.s.DefaultSqlScriptExecutor       : DB: table "posts" does not exist, skipping
2019-12-04 03:05:50.203  INFO 1 --- [main] o.f.c.i.s.DefaultSqlScriptExecutor       : DB: table "comments" does not exist, skipping
2019-12-04 03:05:50.206  INFO 1 --- [main] o.f.c.i.s.DefaultSqlScriptExecutor       : DB: table "user_profiles" does not exist, skipping
2019-12-04 03:05:50.209  INFO 1 --- [main] o.f.c.i.s.DefaultSqlScriptExecutor       : DB: table "user_roles" does not exist, skipping
2019-12-04 03:05:50.262  INFO 1 --- [main] o.f.c.i.s.DefaultSqlScriptExecutor       : DB: table "posts" does not exist, skipping
2019-12-04 03:05:50.274  INFO 1 --- [main] o.f.c.i.s.DefaultSqlScriptExecutor       : DB: table "comments" does not exist, skipping
2019-12-04 03:05:50.279  INFO 1 --- [main] o.f.c.i.s.DefaultSqlScriptExecutor       : DB: type "user_obj" does not exist, skipping
2019-12-04 03:05:50.290  INFO 1 --- [main] o.f.c.i.s.DefaultSqlScriptExecutor       : DB: table "user_profiles" does not exist, skipping
2019-12-04 03:05:50.301  INFO 1 --- [main] o.f.c.i.s.DefaultSqlScriptExecutor       : DB: table "user_roles" does not exist, skipping
2019-12-04 03:05:50.419  INFO 1 --- [main] o.f.core.internal.command.DbMigrate      : Successfully applied 1 migration to schema "public" (execution time 00:00.332s)
2019-12-04 03:05:50.444  INFO 1 --- [main] o.f.c.i.c.SqlScriptCallbackFactory       : Executing SQL callback: afterMigrate
2019-12-04 03:05:51.636  INFO 1 --- [main] o.hibernate.jpa.internal.util.LogHelper  : HHH000204: Processing PersistenceUnitInfo [
	name: default
	...]
2019-12-04 03:05:52.087  INFO 1 --- [main] org.hibernate.Version                    : HHH000412: Hibernate Core {5.3.10.Final}
2019-12-04 03:05:52.095  INFO 1 --- [main] org.hibernate.cfg.Environment            : HHH000206: hibernate.properties not found
2019-12-04 03:05:52.695  INFO 1 --- [main] o.hibernate.annotations.common.Version   : HCANN000001: Hibernate Commons Annotations {5.0.4.Final}
2019-12-04 03:05:53.698  INFO 1 --- [main] org.hibernate.dialect.Dialect            : HHH000400: Using dialect: org.hibernate.dialect.PostgreSQLDialect
2019-12-04 03:05:53.785  INFO 1 --- [main] o.h.e.j.e.i.LobCreatorBuilderImpl        : HHH000422: Disabling contextual LOB creation as connection was null
2019-12-04 03:05:53.816  INFO 1 --- [main] org.hibernate.type.BasicTypeRegistry     : HHH000270: Type registration [java.util.UUID] overrides previous : org.hibernate.type.UUIDBinaryType@50788904
2019-12-04 03:05:56.239  INFO 1 --- [main] j.LocalContainerEntityManagerFactoryBean : Initialized JPA EntityManagerFactory for persistence unit 'default'
2019-12-04 03:05:57.595  INFO 1 --- [main] o.h.h.i.QueryTranslatorFactoryInitiator  : HHH000397: Using ASTQueryTranslatorFactory
2019-12-04 03:06:02.437  WARN 1 --- [main] aWebConfiguration$JpaWebMvcConfiguration : spring.jpa.open-in-view is enabled by default. Therefore, database queries may be performed during view rendering. Explicitly configure spring.jpa.open-in-view to disable this warning
2019-12-04 03:06:03.360  WARN 1 --- [main] c.n.c.sources.URLConfigurationSource     : No URLs will be polled as dynamic configuration sources.
2019-12-04 03:06:03.369  INFO 1 --- [main] c.n.c.sources.URLConfigurationSource     : To enable URLs as dynamic configuration sources, define System property archaius.configurationSource.additionalUrls or make config.properties available on classpath.
2019-12-04 03:06:03.402  WARN 1 --- [main] c.n.c.sources.URLConfigurationSource     : No URLs will be polled as dynamic configuration sources.
2019-12-04 03:06:03.404  INFO 1 --- [main] c.n.c.sources.URLConfigurationSource     : To enable URLs as dynamic configuration sources, define System property archaius.configurationSource.additionalUrls or make config.properties available on classpath.
2019-12-04 03:06:04.056  INFO 1 --- [main] o.s.s.concurrent.ThreadPoolTaskExecutor  : Initializing ExecutorService 'applicationTaskExecutor'
2019-12-04 03:06:06.345  INFO 1 --- [main] o.s.c.n.eureka.InstanceInfoFactory       : Setting initial instance status as: STARTING
2019-12-04 03:06:06.564  INFO 1 --- [main] com.netflix.discovery.DiscoveryClient    : Initializing Eureka in region us-east-1
2019-12-04 03:06:07.789  INFO 1 --- [main] c.n.d.provider.DiscoveryJerseyProvider   : Using JSON encoding codec LegacyJacksonJson
2019-12-04 03:06:07.798  INFO 1 --- [main] c.n.d.provider.DiscoveryJerseyProvider   : Using JSON decoding codec LegacyJacksonJson
2019-12-04 03:06:08.751  INFO 1 --- [main] c.n.d.provider.DiscoveryJerseyProvider   : Using XML encoding codec XStreamXml
2019-12-04 03:06:08.758  INFO 1 --- [main] c.n.d.provider.DiscoveryJerseyProvider   : Using XML decoding codec XStreamXml
2019-12-04 03:06:10.974  INFO 1 --- [main] c.n.d.s.r.aws.ConfigClusterResolver      : Resolving eureka endpoints via configuration
2019-12-04 03:06:11.287  INFO 1 --- [main] com.netflix.discovery.DiscoveryClient    : Disable delta property : false
2019-12-04 03:06:11.297  INFO 1 --- [main] com.netflix.discovery.DiscoveryClient    : Single vip registry refresh property : null
2019-12-04 03:06:11.303  INFO 1 --- [main] com.netflix.discovery.DiscoveryClient    : Force full registry fetch : false
2019-12-04 03:06:11.320  INFO 1 --- [main] com.netflix.discovery.DiscoveryClient    : Application is null : false
2019-12-04 03:06:11.328  INFO 1 --- [main] com.netflix.discovery.DiscoveryClient    : Registered Applications size is zero : true
2019-12-04 03:06:11.337  INFO 1 --- [main] com.netflix.discovery.DiscoveryClient    : Application version is -1: true
2019-12-04 03:06:11.374  INFO 1 --- [main] com.netflix.discovery.DiscoveryClient    : Getting all instance registry info from the eureka server
2019-12-04 03:06:12.309  INFO 1 --- [main] com.netflix.discovery.DiscoveryClient    : The response status is 200
2019-12-04 03:06:12.327  INFO 1 --- [main] com.netflix.discovery.DiscoveryClient    : Starting heartbeat executor: renew interval is: 30
2019-12-04 03:06:12.340  INFO 1 --- [main] c.n.discovery.InstanceInfoReplicator     : InstanceInfoReplicator onDemand update allowed rate per min is 4
2019-12-04 03:06:12.371  INFO 1 --- [main] com.netflix.discovery.DiscoveryClient    : Discovery Client initialized at timestamp 1575428772362 with initial instances count: 3
2019-12-04 03:06:12.397  INFO 1 --- [main] o.s.c.n.e.s.EurekaServiceRegistry        : Registering application USER with eureka with status UP
2019-12-04 03:06:12.405  INFO 1 --- [main] com.netflix.discovery.DiscoveryClient    : Saw local status change event StatusChangeEvent [timestamp=1575428772405, current=UP, previous=STARTING]
2019-12-04 03:06:12.419  INFO 1 --- [DiscoveryClient-InstanceInfoReplicator-0] com.netflix.discovery.DiscoveryClient    : DiscoveryClient_USER/6dc8c83c13ab:user:8081: registering service...
2019-12-04 03:06:12.442  INFO 1 --- [main] d.s.w.p.DocumentationPluginsBootstrapper : Context refreshed
2019-12-04 03:06:12.661  INFO 1 --- [main] d.s.w.p.DocumentationPluginsBootstrapper : Found 1 custom documentation plugin(s)
2019-12-04 03:06:12.782  INFO 1 --- [DiscoveryClient-InstanceInfoReplicator-0] com.netflix.discovery.DiscoveryClient    : DiscoveryClient_USER/6dc8c83c13ab:user:8081 - registration status: 204
2019-12-04 03:06:12.842  INFO 1 --- [main] s.d.s.w.s.ApiListingReferenceScanner     : Scanning for api listing references
2019-12-04 03:06:14.007  INFO 1 --- [main] o.s.b.w.embedded.tomcat.TomcatWebServer  : Tomcat started on port(s): 8081 (http) with context path ''
2019-12-04 03:06:14.016  INFO 1 --- [main] .s.c.n.e.s.EurekaAutoServiceRegistration : Updating port to 8081
2019-12-04 03:06:14.037  INFO 1 --- [main] c.example.usersapi.UsersApiApplication   : Started UsersApiApplication in 40.66 seconds (JVM running for 62.817)
2019-12-04 03:07:16.180  INFO 1 --- [http-nio-8081-exec-1] o.a.c.c.C.[Tomcat].[localhost].[/]       : Initializing Spring DispatcherServlet 'dispatcherServlet'
2019-12-04 03:07:16.184  INFO 1 --- [http-nio-8081-exec-1] o.s.web.servlet.DispatcherServlet        : Initializing Servlet 'dispatcherServlet'
2019-12-04 03:07:16.281  INFO 1 --- [http-nio-8081-exec-1] o.s.web.servlet.DispatcherServlet        : Completed initialization in 84 ms
2019-12-04 03:07:19.634  INFO 1 --- [http-nio-8081-exec-1] c.e.usersapi.service.UserServiceImpl     : >>>>>>>>>> galactus just signed up!
2019-12-04 03:07:25.048  INFO 1 --- [http-nio-8081-exec-2] c.e.usersapi.service.UserServiceImpl     : >>>>>>>>>> galactus just logged in!
2019-12-04 03:07:25.211  INFO 1 --- [http-nio-8081-exec-2] c.e.usersapi.service.UserServiceImpl     : >>>>>>>>>> galactus just logged in!
2019-12-04 03:09:58.595  INFO 1 --- [http-nio-8081-exec-5] c.e.usersapi.service.UserServiceImpl     : >>>>>>>>>> galactus just created their profile! New profile: com.example.usersapi.model.UserProfile@23b3b4c3
2019-12-04 03:11:11.229  INFO 1 --- [AsyncResolver-bootstrap-executor-0] c.n.d.s.r.aws.ConfigClusterResolver      : Resolving eureka endpoints via configuration
2019-12-04 03:16:10.892  INFO 1 --- [AsyncResolver-bootstrap-executor-0] c.n.d.s.r.aws.ConfigClusterResolver      : Resolving eureka endpoints via configuration
