2019-12-03 21:11:24.503  INFO 1 --- [main] c.example.usersapi.UsersApiApplication   : The following profiles are active: dev
2019-12-03 21:11:39.269  INFO 1 --- [main] .s.d.r.c.RepositoryConfigurationDelegate : Bootstrapping Spring Data repositories in DEFAULT mode.
2019-12-03 21:11:41.422  INFO 1 --- [main] .s.d.r.c.RepositoryConfigurationDelegate : Finished Spring Data repository scanning in 1990ms. Found 3 repository interfaces.
2019-12-03 21:11:47.388  INFO 1 --- [main] o.s.cloud.context.scope.GenericScope     : BeanFactory id=22177b90-f401-3bf5-a5d1-add5add6d4fc
2019-12-03 21:11:48.043  INFO 1 --- [main] trationDelegate$BeanPostProcessorChecker : Bean 'com.example.usersapi.feign.CommentClient' of type [org.springframework.cloud.openfeign.FeignClientFactoryBean] is not eligible for getting processed by all BeanPostProcessors (for example: not eligible for auto-proxying)
2019-12-03 21:11:48.070  INFO 1 --- [main] trationDelegate$BeanPostProcessorChecker : Bean 'com.example.usersapi.feign.PostClient' of type [org.springframework.cloud.openfeign.FeignClientFactoryBean] is not eligible for getting processed by all BeanPostProcessors (for example: not eligible for auto-proxying)
2019-12-03 21:11:50.222  INFO 1 --- [main] trationDelegate$BeanPostProcessorChecker : Bean 'org.springframework.transaction.annotation.ProxyTransactionManagementConfiguration' of type [org.springframework.transaction.annotation.ProxyTransactionManagementConfiguration$$EnhancerBySpringCGLIB$$63302fc2] is not eligible for getting processed by all BeanPostProcessors (for example: not eligible for auto-proxying)
2019-12-03 21:11:50.872  INFO 1 --- [main] trationDelegate$BeanPostProcessorChecker : Bean 'org.springframework.hateoas.config.HateoasConfiguration' of type [org.springframework.hateoas.config.HateoasConfiguration$$EnhancerBySpringCGLIB$$e2b07cf4] is not eligible for getting processed by all BeanPostProcessors (for example: not eligible for auto-proxying)
2019-12-03 21:11:50.933  INFO 1 --- [main] trationDelegate$BeanPostProcessorChecker : Bean 'org.springframework.cloud.autoconfigure.ConfigurationPropertiesRebinderAutoConfiguration' of type [org.springframework.cloud.autoconfigure.ConfigurationPropertiesRebinderAutoConfiguration$$EnhancerBySpringCGLIB$$7f4a32bf] is not eligible for getting processed by all BeanPostProcessors (for example: not eligible for auto-proxying)
2019-12-03 21:11:55.309  INFO 1 --- [main] o.s.b.w.embedded.tomcat.TomcatWebServer  : Tomcat initialized with port(s): 8081 (http)
2019-12-03 21:11:55.781  INFO 1 --- [main] o.apache.catalina.core.StandardService   : Starting service [Tomcat]
2019-12-03 21:11:55.819  INFO 1 --- [main] org.apache.catalina.core.StandardEngine  : Starting Servlet engine: [Apache Tomcat/9.0.22]
2019-12-03 21:11:56.864  INFO 1 --- [main] o.a.c.c.C.[Tomcat].[localhost].[/]       : Initializing Spring embedded WebApplicationContext
2019-12-03 21:11:56.883  INFO 1 --- [main] o.s.web.context.ContextLoader            : Root WebApplicationContext: initialization completed in 32092 ms
2019-12-03 21:11:59.430  INFO 1 --- [main] o.f.c.internal.license.VersionPrinter    : Flyway Community Edition 5.2.4 by Boxfuse
2019-12-03 21:12:00.235  INFO 1 --- [main] com.zaxxer.hikari.HikariDataSource       : HikariPool-1 - Starting...
2019-12-03 21:12:03.910  INFO 1 --- [main] com.zaxxer.hikari.HikariDataSource       : HikariPool-1 - Start completed.
2019-12-03 21:12:03.930  INFO 1 --- [main] o.f.c.internal.database.DatabaseFactory  : Database: jdbc:postgresql://postgresdev:5432/pgdev (PostgreSQL 12.0)
2019-12-03 21:12:04.073  WARN 1 --- [main] o.f.c.internal.database.base.Database    : Flyway upgrade recommended: PostgreSQL 12.0 is newer than this version of Flyway and support has not been tested.
2019-12-03 21:12:04.756  INFO 1 --- [main] o.f.core.internal.command.DbValidate     : Successfully validated 1 migration (execution time 00:00.186s)
2019-12-03 21:12:04.849  INFO 1 --- [main] o.f.c.i.s.JdbcTableSchemaHistory         : Creating Schema History table: "public"."flyway_schema_history"
2019-12-03 21:12:05.007  INFO 1 --- [main] o.f.core.internal.command.DbMigrate      : Current version of schema "public": << Empty Schema >>
2019-12-03 21:12:05.018  INFO 1 --- [main] o.f.core.internal.command.DbMigrate      : Migrating schema "public" to version 1 - createUsersTable
2019-12-03 21:12:05.043  INFO 1 --- [main] o.f.c.i.s.DefaultSqlScriptExecutor       : DB: table "users" does not exist, skipping
2019-12-03 21:12:05.053  INFO 1 --- [main] o.f.c.i.s.DefaultSqlScriptExecutor       : DB: table "posts" does not exist, skipping
2019-12-03 21:12:05.056  INFO 1 --- [main] o.f.c.i.s.DefaultSqlScriptExecutor       : DB: table "comments" does not exist, skipping
2019-12-03 21:12:05.060  INFO 1 --- [main] o.f.c.i.s.DefaultSqlScriptExecutor       : DB: table "user_profiles" does not exist, skipping
2019-12-03 21:12:05.067  INFO 1 --- [main] o.f.c.i.s.DefaultSqlScriptExecutor       : DB: table "user_roles" does not exist, skipping
2019-12-03 21:12:05.113  INFO 1 --- [main] o.f.c.i.s.DefaultSqlScriptExecutor       : DB: table "posts" does not exist, skipping
2019-12-03 21:12:05.145  INFO 1 --- [main] o.f.c.i.s.DefaultSqlScriptExecutor       : DB: table "comments" does not exist, skipping
2019-12-03 21:12:05.155  INFO 1 --- [main] o.f.c.i.s.DefaultSqlScriptExecutor       : DB: type "user_obj" does not exist, skipping
2019-12-03 21:12:05.160  INFO 1 --- [main] o.f.c.i.s.DefaultSqlScriptExecutor       : DB: table "user_profiles" does not exist, skipping
2019-12-03 21:12:05.172  INFO 1 --- [main] o.f.c.i.s.DefaultSqlScriptExecutor       : DB: table "user_roles" does not exist, skipping
2019-12-03 21:12:05.527  INFO 1 --- [main] o.f.core.internal.command.DbMigrate      : Successfully applied 1 migration to schema "public" (execution time 00:00.679s)
2019-12-03 21:12:05.552  INFO 1 --- [main] o.f.c.i.c.SqlScriptCallbackFactory       : Executing SQL callback: afterMigrate
2019-12-03 21:12:07.798  INFO 1 --- [main] o.hibernate.jpa.internal.util.LogHelper  : HHH000204: Processing PersistenceUnitInfo [
	name: default
	...]
2019-12-03 21:12:09.039  INFO 1 --- [main] org.hibernate.Version                    : HHH000412: Hibernate Core {5.3.10.Final}
2019-12-03 21:12:09.058  INFO 1 --- [main] org.hibernate.cfg.Environment            : HHH000206: hibernate.properties not found
2019-12-03 21:12:10.089  INFO 1 --- [main] o.hibernate.annotations.common.Version   : HCANN000001: Hibernate Commons Annotations {5.0.4.Final}
2019-12-03 21:12:12.241  INFO 1 --- [main] org.hibernate.dialect.Dialect            : HHH000400: Using dialect: org.hibernate.dialect.PostgreSQLDialect
2019-12-03 21:12:12.431  INFO 1 --- [main] o.h.e.j.e.i.LobCreatorBuilderImpl        : HHH000422: Disabling contextual LOB creation as connection was null
2019-12-03 21:12:12.522  INFO 1 --- [main] org.hibernate.type.BasicTypeRegistry     : HHH000270: Type registration [java.util.UUID] overrides previous : org.hibernate.type.UUIDBinaryType@3b81c0d0
2019-12-03 21:12:18.622  INFO 1 --- [main] j.LocalContainerEntityManagerFactoryBean : Initialized JPA EntityManagerFactory for persistence unit 'default'
2019-12-03 21:12:23.219  INFO 1 --- [main] o.h.h.i.QueryTranslatorFactoryInitiator  : HHH000397: Using ASTQueryTranslatorFactory
2019-12-03 21:12:38.063  WARN 1 --- [main] aWebConfiguration$JpaWebMvcConfiguration : spring.jpa.open-in-view is enabled by default. Therefore, database queries may be performed during view rendering. Explicitly configure spring.jpa.open-in-view to disable this warning
2019-12-03 21:12:40.513  WARN 1 --- [main] c.n.c.sources.URLConfigurationSource     : No URLs will be polled as dynamic configuration sources.
2019-12-03 21:12:40.519  INFO 1 --- [main] c.n.c.sources.URLConfigurationSource     : To enable URLs as dynamic configuration sources, define System property archaius.configurationSource.additionalUrls or make config.properties available on classpath.
2019-12-03 21:12:40.793  WARN 1 --- [main] c.n.c.sources.URLConfigurationSource     : No URLs will be polled as dynamic configuration sources.
2019-12-03 21:12:40.797  INFO 1 --- [main] c.n.c.sources.URLConfigurationSource     : To enable URLs as dynamic configuration sources, define System property archaius.configurationSource.additionalUrls or make config.properties available on classpath.
2019-12-03 21:12:43.365  INFO 1 --- [main] o.s.s.concurrent.ThreadPoolTaskExecutor  : Initializing ExecutorService 'applicationTaskExecutor'
2019-12-03 21:12:54.411  INFO 1 --- [main] o.s.c.n.eureka.InstanceInfoFactory       : Setting initial instance status as: STARTING
2019-12-03 21:12:55.108  INFO 1 --- [main] com.netflix.discovery.DiscoveryClient    : Initializing Eureka in region us-east-1
2019-12-03 21:12:56.455  INFO 1 --- [main] c.n.d.provider.DiscoveryJerseyProvider   : Using JSON encoding codec LegacyJacksonJson
2019-12-03 21:12:56.459  INFO 1 --- [main] c.n.d.provider.DiscoveryJerseyProvider   : Using JSON decoding codec LegacyJacksonJson
2019-12-03 21:13:00.109  INFO 1 --- [main] c.n.d.provider.DiscoveryJerseyProvider   : Using XML encoding codec XStreamXml
2019-12-03 21:13:00.176  INFO 1 --- [main] c.n.d.provider.DiscoveryJerseyProvider   : Using XML decoding codec XStreamXml
2019-12-03 21:13:06.855  INFO 1 --- [main] c.n.d.s.r.aws.ConfigClusterResolver      : Resolving eureka endpoints via configuration
2019-12-03 21:13:07.415  INFO 1 --- [main] com.netflix.discovery.DiscoveryClient    : Disable delta property : false
2019-12-03 21:13:07.418  INFO 1 --- [main] com.netflix.discovery.DiscoveryClient    : Single vip registry refresh property : null
2019-12-03 21:13:07.420  INFO 1 --- [main] com.netflix.discovery.DiscoveryClient    : Force full registry fetch : false
2019-12-03 21:13:07.426  INFO 1 --- [main] com.netflix.discovery.DiscoveryClient    : Application is null : false
2019-12-03 21:13:07.428  INFO 1 --- [main] com.netflix.discovery.DiscoveryClient    : Registered Applications size is zero : true
2019-12-03 21:13:07.430  INFO 1 --- [main] com.netflix.discovery.DiscoveryClient    : Application version is -1: true
2019-12-03 21:13:07.432  INFO 1 --- [main] com.netflix.discovery.DiscoveryClient    : Getting all instance registry info from the eureka server
2019-12-03 21:13:13.611  INFO 1 --- [main] com.netflix.discovery.DiscoveryClient    : The response status is 200
2019-12-03 21:13:13.644  INFO 1 --- [main] com.netflix.discovery.DiscoveryClient    : Starting heartbeat executor: renew interval is: 30
2019-12-03 21:13:13.686  INFO 1 --- [main] c.n.discovery.InstanceInfoReplicator     : InstanceInfoReplicator onDemand update allowed rate per min is 4
2019-12-03 21:13:13.744  INFO 1 --- [main] com.netflix.discovery.DiscoveryClient    : Discovery Client initialized at timestamp 1575407593735 with initial instances count: 0
2019-12-03 21:13:13.814  INFO 1 --- [main] o.s.c.n.e.s.EurekaServiceRegistry        : Registering application USER with eureka with status UP
2019-12-03 21:13:13.836  INFO 1 --- [main] com.netflix.discovery.DiscoveryClient    : Saw local status change event StatusChangeEvent [timestamp=1575407593836, current=UP, previous=STARTING]
2019-12-03 21:13:13.967  INFO 1 --- [main] d.s.w.p.DocumentationPluginsBootstrapper : Context refreshed
2019-12-03 21:13:14.057  INFO 1 --- [DiscoveryClient-InstanceInfoReplicator-0] com.netflix.discovery.DiscoveryClient    : DiscoveryClient_USER/fb2dd5061680:user:8081: registering service...
2019-12-03 21:13:14.849  INFO 1 --- [main] d.s.w.p.DocumentationPluginsBootstrapper : Found 1 custom documentation plugin(s)
2019-12-03 21:13:15.800  INFO 1 --- [main] s.d.s.w.s.ApiListingReferenceScanner     : Scanning for api listing references
2019-12-03 21:13:17.781  INFO 1 --- [DiscoveryClient-InstanceInfoReplicator-0] com.netflix.discovery.DiscoveryClient    : DiscoveryClient_USER/fb2dd5061680:user:8081 - registration status: 204
2019-12-03 21:13:23.582  INFO 1 --- [main] o.s.b.w.embedded.tomcat.TomcatWebServer  : Tomcat started on port(s): 8081 (http) with context path ''
2019-12-03 21:13:23.614  INFO 1 --- [main] .s.c.n.e.s.EurekaAutoServiceRegistration : Updating port to 8081
2019-12-03 21:13:23.669  INFO 1 --- [main] c.example.usersapi.UsersApiApplication   : Started UsersApiApplication in 143.075 seconds (JVM running for 411.688)
2019-12-03 21:13:43.612  INFO 1 --- [DiscoveryClient-CacheRefreshExecutor-0] com.netflix.discovery.DiscoveryClient    : Disable delta property : false
2019-12-03 21:13:43.621  INFO 1 --- [DiscoveryClient-CacheRefreshExecutor-0] com.netflix.discovery.DiscoveryClient    : Single vip registry refresh property : null
2019-12-03 21:13:43.622  INFO 1 --- [DiscoveryClient-CacheRefreshExecutor-0] com.netflix.discovery.DiscoveryClient    : Force full registry fetch : false
2019-12-03 21:13:43.623  INFO 1 --- [DiscoveryClient-CacheRefreshExecutor-0] com.netflix.discovery.DiscoveryClient    : Application is null : false
2019-12-03 21:13:43.625  INFO 1 --- [DiscoveryClient-CacheRefreshExecutor-0] com.netflix.discovery.DiscoveryClient    : Registered Applications size is zero : true
2019-12-03 21:13:43.626  INFO 1 --- [DiscoveryClient-CacheRefreshExecutor-0] com.netflix.discovery.DiscoveryClient    : Application version is -1: false
2019-12-03 21:13:43.628  INFO 1 --- [DiscoveryClient-CacheRefreshExecutor-0] com.netflix.discovery.DiscoveryClient    : Getting all instance registry info from the eureka server
2019-12-03 21:13:43.950  INFO 1 --- [DiscoveryClient-CacheRefreshExecutor-0] com.netflix.discovery.DiscoveryClient    : The response status is 200
2019-12-03 21:18:07.243  INFO 1 --- [AsyncResolver-bootstrap-executor-0] c.n.d.s.r.aws.ConfigClusterResolver      : Resolving eureka endpoints via configuration
2019-12-03 21:23:07.053  INFO 1 --- [AsyncResolver-bootstrap-executor-0] c.n.d.s.r.aws.ConfigClusterResolver      : Resolving eureka endpoints via configuration
2019-12-03 21:28:06.894  INFO 1 --- [AsyncResolver-bootstrap-executor-0] c.n.d.s.r.aws.ConfigClusterResolver      : Resolving eureka endpoints via configuration
2019-12-03 21:33:06.628  INFO 1 --- [AsyncResolver-bootstrap-executor-0] c.n.d.s.r.aws.ConfigClusterResolver      : Resolving eureka endpoints via configuration
2019-12-03 21:38:06.418  INFO 1 --- [AsyncResolver-bootstrap-executor-0] c.n.d.s.r.aws.ConfigClusterResolver      : Resolving eureka endpoints via configuration
2019-12-03 21:43:06.205  INFO 1 --- [AsyncResolver-bootstrap-executor-0] c.n.d.s.r.aws.ConfigClusterResolver      : Resolving eureka endpoints via configuration
2019-12-03 21:48:06.002  INFO 1 --- [AsyncResolver-bootstrap-executor-0] c.n.d.s.r.aws.ConfigClusterResolver      : Resolving eureka endpoints via configuration
2019-12-03 22:47:44.751  INFO 1 --- [AsyncResolver-bootstrap-executor-0] c.n.d.s.r.aws.ConfigClusterResolver      : Resolving eureka endpoints via configuration
2019-12-03 22:52:44.421  INFO 1 --- [AsyncResolver-bootstrap-executor-0] c.n.d.s.r.aws.ConfigClusterResolver      : Resolving eureka endpoints via configuration
2019-12-03 22:57:44.085  INFO 1 --- [AsyncResolver-bootstrap-executor-0] c.n.d.s.r.aws.ConfigClusterResolver      : Resolving eureka endpoints via configuration
2019-12-03 23:02:43.892  INFO 1 --- [AsyncResolver-bootstrap-executor-0] c.n.d.s.r.aws.ConfigClusterResolver      : Resolving eureka endpoints via configuration
2019-12-03 23:07:43.552  INFO 1 --- [AsyncResolver-bootstrap-executor-0] c.n.d.s.r.aws.ConfigClusterResolver      : Resolving eureka endpoints via configuration
2019-12-03 23:12:43.214  INFO 1 --- [AsyncResolver-bootstrap-executor-0] c.n.d.s.r.aws.ConfigClusterResolver      : Resolving eureka endpoints via configuration
2019-12-03 23:16:48.852  INFO 1 --- [Thread-8] o.s.c.n.e.s.EurekaServiceRegistry        : Unregistering application USER with eureka with status DOWN
2019-12-03 23:16:48.890  WARN 1 --- [Thread-8] com.netflix.discovery.DiscoveryClient    : Saw local status change event StatusChangeEvent [timestamp=1575415008890, current=DOWN, previous=UP]
2019-12-03 23:16:48.937  INFO 1 --- [DiscoveryClient-InstanceInfoReplicator-0] com.netflix.discovery.DiscoveryClient    : DiscoveryClient_USER/fb2dd5061680:user:8081: registering service...
2019-12-03 23:16:49.763  INFO 1 --- [DiscoveryClient-InstanceInfoReplicator-0] com.netflix.discovery.DiscoveryClient    : DiscoveryClient_USER/fb2dd5061680:user:8081 - registration status: 204
2019-12-03 23:16:51.807  INFO 1 --- [Thread-8] o.s.s.concurrent.ThreadPoolTaskExecutor  : Shutting down ExecutorService 'applicationTaskExecutor'
2019-12-03 23:16:52.403  INFO 1 --- [Thread-8] j.LocalContainerEntityManagerFactoryBean : Closing JPA EntityManagerFactory for persistence unit 'default'
2019-12-03 23:16:53.028  INFO 1 --- [Thread-8] com.netflix.discovery.DiscoveryClient    : Shutting down DiscoveryClient ...
2019-12-03 23:16:56.070  WARN 1 --- [DiscoveryClient-1] c.netflix.discovery.TimedSupervisorTask  : task supervisor shutting down, can't accept the task
2019-12-03 23:16:56.076  INFO 1 --- [Thread-8] com.netflix.discovery.DiscoveryClient    : Unregistering ...
2019-12-03 23:16:56.182  INFO 1 --- [Thread-8] com.netflix.discovery.DiscoveryClient    : DiscoveryClient_USER/fb2dd5061680:user:8081 - deregister  status: 200
2019-12-03 23:16:57.329  INFO 1 --- [Thread-8] com.netflix.discovery.DiscoveryClient    : Completed shut down of DiscoveryClient
2019-12-03 23:16:57.609  INFO 1 --- [Thread-8] com.zaxxer.hikari.HikariDataSource       : HikariPool-1 - Shutdown initiated...
